{"C:\\Users\\carol\\FIAP\\Fase 4\\fase3\\Backend\\swagger.js": {"path":"C:\\Users\\carol\\FIAP\\Fase 4\\fase3\\Backend\\swagger.js","statementMap":{"0":{"start":{"line":5,"column":16},"end":{"line":29,"column":1}},"1":{"start":{"line":31,"column":20},"end":{"line":31,"column":41}},"2":{"start":{"line":34,"column":2},"end":{"line":34,"column":70}},"3":{"start":{"line":35,"column":2},"end":{"line":35,"column":73}}},"fnMap":{"0":{"name":"swaggerDocs","decl":{"start":{"line":33,"column":16},"end":{"line":33,"column":27}},"loc":{"start":{"line":33,"column":33},"end":{"line":36,"column":1}},"line":33}},"branchMap":{},"s":{"0":2,"1":2,"2":2,"3":2},"f":{"0":2},"b":{},"_coverageSchema":"1a1c01bbd47fc00a2c39e90264f33305004495a9","hash":"39c8c49f5a43faa387ab9b69b9c47bf459b3f018"}
,"C:\\Users\\carol\\FIAP\\Fase 4\\fase3\\Backend\\src\\app.js": {"path":"C:\\Users\\carol\\FIAP\\Fase 4\\fase3\\Backend\\src\\app.js","statementMap":{"0":{"start":{"line":8,"column":12},"end":{"line":8,"column":21}},"1":{"start":{"line":11,"column":0},"end":{"line":11,"column":16}},"2":{"start":{"line":14,"column":0},"end":{"line":14,"column":24}},"3":{"start":{"line":17,"column":0},"end":{"line":17,"column":65}},"4":{"start":{"line":17,"column":27},"end":{"line":17,"column":63}},"5":{"start":{"line":20,"column":0},"end":{"line":20,"column":17}},"6":{"start":{"line":23,"column":0},"end":{"line":23,"column":17}},"7":{"start":{"line":26,"column":0},"end":{"line":26,"column":18}},"8":{"start":{"line":29,"column":0},"end":{"line":29,"column":22}}},"fnMap":{"0":{"name":"(anonymous_0)","decl":{"start":{"line":17,"column":13},"end":{"line":17,"column":14}},"loc":{"start":{"line":17,"column":27},"end":{"line":17,"column":63}},"line":17}},"branchMap":{},"s":{"0":2,"1":2,"2":2,"3":2,"4":1,"5":2,"6":2,"7":2,"8":2},"f":{"0":1},"b":{},"_coverageSchema":"1a1c01bbd47fc00a2c39e90264f33305004495a9","hash":"13de05f405011970b093af667d9bf09931acf80a"}
,"C:\\Users\\carol\\FIAP\\Fase 4\\fase3\\Backend\\src\\config\\dbConnect.js": {"path":"C:\\Users\\carol\\FIAP\\Fase 4\\fase3\\Backend\\src\\config\\dbConnect.js","statementMap":{"0":{"start":{"line":5,"column":18},"end":{"line":5,"column":23}},"1":{"start":{"line":8,"column":4},"end":{"line":8,"column":48}},"2":{"start":{"line":8,"column":21},"end":{"line":8,"column":48}},"3":{"start":{"line":10,"column":4},"end":{"line":36,"column":5}},"4":{"start":{"line":13,"column":8},"end":{"line":22,"column":9}},"5":{"start":{"line":14,"column":12},"end":{"line":16,"column":15}},"6":{"start":{"line":17,"column":12},"end":{"line":17,"column":44}},"7":{"start":{"line":18,"column":12},"end":{"line":18,"column":70}},"8":{"start":{"line":20,"column":12},"end":{"line":20,"column":45}},"9":{"start":{"line":21,"column":12},"end":{"line":21,"column":77}},"10":{"start":{"line":21,"column":27},"end":{"line":21,"column":77}},"11":{"start":{"line":24,"column":8},"end":{"line":27,"column":11}},"12":{"start":{"line":29,"column":8},"end":{"line":29,"column":27}},"13":{"start":{"line":30,"column":8},"end":{"line":30,"column":52}},"14":{"start":{"line":31,"column":8},"end":{"line":31,"column":35}},"15":{"start":{"line":33,"column":8},"end":{"line":33,"column":69}},"16":{"start":{"line":34,"column":8},"end":{"line":34,"column":61}},"17":{"start":{"line":34,"column":45},"end":{"line":34,"column":61}},"18":{"start":{"line":35,"column":8},"end":{"line":35,"column":20}},"19":{"start":{"line":40,"column":4},"end":{"line":44,"column":5}},"20":{"start":{"line":41,"column":8},"end":{"line":41,"column":49}},"21":{"start":{"line":42,"column":8},"end":{"line":42,"column":42}},"22":{"start":{"line":43,"column":8},"end":{"line":43,"column":28}},"23":{"start":{"line":45,"column":4},"end":{"line":45,"column":46}},"24":{"start":{"line":45,"column":21},"end":{"line":45,"column":46}}},"fnMap":{"0":{"name":"conectaNaDatabase","decl":{"start":{"line":7,"column":15},"end":{"line":7,"column":32}},"loc":{"start":{"line":7,"column":35},"end":{"line":37,"column":1}},"line":7},"1":{"name":"disconnectTestDB","decl":{"start":{"line":39,"column":15},"end":{"line":39,"column":31}},"loc":{"start":{"line":39,"column":34},"end":{"line":46,"column":1}},"line":39}},"branchMap":{"0":{"loc":{"start":{"line":8,"column":4},"end":{"line":8,"column":48}},"type":"if","locations":[{"start":{"line":8,"column":4},"end":{"line":8,"column":48}},{"start":{},"end":{}}],"line":8},"1":{"loc":{"start":{"line":13,"column":8},"end":{"line":22,"column":9}},"type":"if","locations":[{"start":{"line":13,"column":8},"end":{"line":22,"column":9}},{"start":{"line":19,"column":15},"end":{"line":22,"column":9}}],"line":13},"2":{"loc":{"start":{"line":21,"column":12},"end":{"line":21,"column":77}},"type":"if","locations":[{"start":{"line":21,"column":12},"end":{"line":21,"column":77}},{"start":{},"end":{}}],"line":21},"3":{"loc":{"start":{"line":34,"column":8},"end":{"line":34,"column":61}},"type":"if","locations":[{"start":{"line":34,"column":8},"end":{"line":34,"column":61}},{"start":{},"end":{}}],"line":34},"4":{"loc":{"start":{"line":40,"column":4},"end":{"line":44,"column":5}},"type":"if","locations":[{"start":{"line":40,"column":4},"end":{"line":44,"column":5}},{"start":{},"end":{}}],"line":40},"5":{"loc":{"start":{"line":45,"column":4},"end":{"line":45,"column":46}},"type":"if","locations":[{"start":{"line":45,"column":4},"end":{"line":45,"column":46}},{"start":{},"end":{}}],"line":45}},"s":{"0":1,"1":1,"2":0,"3":1,"4":1,"5":1,"6":1,"7":1,"8":0,"9":0,"10":0,"11":1,"12":1,"13":1,"14":1,"15":0,"16":0,"17":0,"18":0,"19":1,"20":1,"21":1,"22":1,"23":1,"24":1},"f":{"0":1,"1":1},"b":{"0":[0,1],"1":[1,0],"2":[0,0],"3":[0,0],"4":[1,0],"5":[1,0]},"_coverageSchema":"1a1c01bbd47fc00a2c39e90264f33305004495a9","hash":"146c2c1ea4f4272ca8c04b8119552befa8307a31"}
,"C:\\Users\\carol\\FIAP\\Fase 4\\fase3\\Backend\\src\\controllers\\postController.js": {"path":"C:\\Users\\carol\\FIAP\\Fase 4\\fase3\\Backend\\src\\controllers\\postController.js","statementMap":{"0":{"start":{"line":5,"column":27},"end":{"line":5,"column":30}},"1":{"start":{"line":9,"column":12},"end":{"line":9,"column":26}},"2":{"start":{"line":10,"column":14},"end":{"line":10,"column":50}},"3":{"start":{"line":11,"column":14},"end":{"line":11,"column":55}},"4":{"start":{"line":12,"column":14},"end":{"line":12,"column":29}},"5":{"start":{"line":13,"column":2},"end":{"line":13,"column":32}},"6":{"start":{"line":17,"column":12},"end":{"line":17,"column":26}},"7":{"start":{"line":18,"column":12},"end":{"line":18,"column":49}},"8":{"start":{"line":19,"column":12},"end":{"line":19,"column":51}},"9":{"start":{"line":20,"column":2},"end":{"line":20,"column":21}},"10":{"start":{"line":24,"column":2},"end":{"line":24,"column":27}},"11":{"start":{"line":24,"column":17},"end":{"line":24,"column":27}},"12":{"start":{"line":25,"column":2},"end":{"line":25,"column":61}},"13":{"start":{"line":25,"column":45},"end":{"line":25,"column":61}},"14":{"start":{"line":26,"column":2},"end":{"line":26,"column":59}},"15":{"start":{"line":30,"column":17},"end":{"line":30,"column":43}},"16":{"start":{"line":31,"column":2},"end":{"line":31,"column":59}},"17":{"start":{"line":31,"column":43},"end":{"line":31,"column":59}},"18":{"start":{"line":32,"column":2},"end":{"line":32,"column":49}},"19":{"start":{"line":32,"column":20},"end":{"line":32,"column":49}},"20":{"start":{"line":33,"column":2},"end":{"line":33,"column":16}},"21":{"start":{"line":37,"column":2},"end":{"line":37,"column":45}},"22":{"start":{"line":37,"column":32},"end":{"line":37,"column":45}},"23":{"start":{"line":38,"column":18},"end":{"line":38,"column":47}},"24":{"start":{"line":39,"column":18},"end":{"line":39,"column":47}},"25":{"start":{"line":40,"column":2},"end":{"line":40,"column":27}},"26":{"start":{"line":47,"column":4},"end":{"line":115,"column":5}},"27":{"start":{"line":49,"column":30},"end":{"line":49,"column":91}},"28":{"start":{"line":50,"column":19},"end":{"line":50,"column":57}},"29":{"start":{"line":51,"column":20},"end":{"line":51,"column":64}},"30":{"start":{"line":52,"column":19},"end":{"line":52,"column":37}},"31":{"start":{"line":55,"column":19},"end":{"line":55,"column":21}},"32":{"start":{"line":56,"column":6},"end":{"line":58,"column":7}},"33":{"start":{"line":57,"column":8},"end":{"line":57,"column":46}},"34":{"start":{"line":60,"column":20},"end":{"line":60,"column":54}},"35":{"start":{"line":61,"column":20},"end":{"line":64,"column":47}},"36":{"start":{"line":66,"column":20},"end":{"line":66,"column":87}},"37":{"start":{"line":70,"column":30},"end":{"line":97,"column":9}},"38":{"start":{"line":71,"column":27},"end":{"line":71,"column":72}},"39":{"start":{"line":72,"column":33},"end":{"line":72,"column":84}},"40":{"start":{"line":73,"column":8},"end":{"line":96,"column":10}},"41":{"start":{"line":83,"column":22},"end":{"line":83,"column":46}},"42":{"start":{"line":84,"column":22},"end":{"line":84,"column":62}},"43":{"start":{"line":85,"column":22},"end":{"line":85,"column":64}},"44":{"start":{"line":86,"column":12},"end":{"line":86,"column":31}},"45":{"start":{"line":90,"column":22},"end":{"line":90,"column":46}},"46":{"start":{"line":91,"column":22},"end":{"line":91,"column":62}},"47":{"start":{"line":92,"column":22},"end":{"line":92,"column":64}},"48":{"start":{"line":93,"column":12},"end":{"line":93,"column":31}},"49":{"start":{"line":102,"column":6},"end":{"line":104,"column":7}},"50":{"start":{"line":103,"column":8},"end":{"line":103,"column":41}},"51":{"start":{"line":106,"column":6},"end":{"line":112,"column":9}},"52":{"start":{"line":114,"column":6},"end":{"line":114,"column":53}},"53":{"start":{"line":120,"column":4},"end":{"line":144,"column":5}},"54":{"start":{"line":121,"column":21},"end":{"line":121,"column":31}},"55":{"start":{"line":122,"column":19},"end":{"line":122,"column":50}},"56":{"start":{"line":124,"column":6},"end":{"line":124,"column":81}},"57":{"start":{"line":124,"column":17},"end":{"line":124,"column":81}},"58":{"start":{"line":126,"column":25},"end":{"line":126,"column":70}},"59":{"start":{"line":128,"column":31},"end":{"line":128,"column":82}},"60":{"start":{"line":130,"column":6},"end":{"line":141,"column":9}},"61":{"start":{"line":143,"column":6},"end":{"line":143,"column":53}},"62":{"start":{"line":149,"column":4},"end":{"line":199,"column":5}},"63":{"start":{"line":150,"column":71},"end":{"line":150,"column":79}},"64":{"start":{"line":152,"column":6},"end":{"line":154,"column":7}},"65":{"start":{"line":153,"column":8},"end":{"line":153,"column":109}},"66":{"start":{"line":157,"column":22},"end":{"line":157,"column":60}},"67":{"start":{"line":158,"column":6},"end":{"line":158,"column":87}},"68":{"start":{"line":158,"column":20},"end":{"line":158,"column":87}},"69":{"start":{"line":161,"column":22},"end":{"line":161,"column":26}},"70":{"start":{"line":162,"column":6},"end":{"line":168,"column":7}},"71":{"start":{"line":164,"column":8},"end":{"line":164,"column":93}},"72":{"start":{"line":165,"column":13},"end":{"line":168,"column":7}},"73":{"start":{"line":167,"column":8},"end":{"line":167,"column":34}},"74":{"start":{"line":170,"column":23},"end":{"line":177,"column":8}},"75":{"start":{"line":179,"column":6},"end":{"line":179,"column":28}},"76":{"start":{"line":181,"column":6},"end":{"line":196,"column":9}},"77":{"start":{"line":198,"column":6},"end":{"line":198,"column":53}},"78":{"start":{"line":204,"column":4},"end":{"line":244,"column":5}},"79":{"start":{"line":205,"column":21},"end":{"line":205,"column":31}},"80":{"start":{"line":206,"column":71},"end":{"line":206,"column":79}},"81":{"start":{"line":208,"column":19},"end":{"line":208,"column":43}},"82":{"start":{"line":209,"column":6},"end":{"line":209,"column":81}},"83":{"start":{"line":209,"column":17},"end":{"line":209,"column":81}},"84":{"start":{"line":211,"column":6},"end":{"line":213,"column":7}},"85":{"start":{"line":212,"column":8},"end":{"line":212,"column":89}},"86":{"start":{"line":215,"column":6},"end":{"line":215,"column":39}},"87":{"start":{"line":215,"column":18},"end":{"line":215,"column":39}},"88":{"start":{"line":216,"column":6},"end":{"line":216,"column":45}},"89":{"start":{"line":216,"column":20},"end":{"line":216,"column":45}},"90":{"start":{"line":217,"column":6},"end":{"line":217,"column":75}},"91":{"start":{"line":217,"column":30},"end":{"line":217,"column":75}},"92":{"start":{"line":218,"column":6},"end":{"line":218,"column":39}},"93":{"start":{"line":218,"column":18},"end":{"line":218,"column":39}},"94":{"start":{"line":219,"column":6},"end":{"line":223,"column":7}},"95":{"start":{"line":220,"column":8},"end":{"line":220,"column":95}},"96":{"start":{"line":221,"column":13},"end":{"line":223,"column":7}},"97":{"start":{"line":222,"column":8},"end":{"line":222,"column":36}},"98":{"start":{"line":225,"column":6},"end":{"line":225,"column":24}},"99":{"start":{"line":227,"column":6},"end":{"line":241,"column":9}},"100":{"start":{"line":243,"column":6},"end":{"line":243,"column":53}},"101":{"start":{"line":249,"column":4},"end":{"line":260,"column":5}},"102":{"start":{"line":250,"column":21},"end":{"line":250,"column":31}},"103":{"start":{"line":251,"column":19},"end":{"line":251,"column":43}},"104":{"start":{"line":252,"column":6},"end":{"line":254,"column":7}},"105":{"start":{"line":253,"column":8},"end":{"line":253,"column":72}},"106":{"start":{"line":256,"column":6},"end":{"line":256,"column":29}},"107":{"start":{"line":257,"column":6},"end":{"line":257,"column":82}},"108":{"start":{"line":259,"column":6},"end":{"line":259,"column":60}},"109":{"start":{"line":265,"column":4},"end":{"line":298,"column":5}},"110":{"start":{"line":266,"column":16},"end":{"line":266,"column":48}},"111":{"start":{"line":267,"column":6},"end":{"line":267,"column":91}},"112":{"start":{"line":267,"column":14},"end":{"line":267,"column":91}},"113":{"start":{"line":269,"column":20},"end":{"line":269,"column":38}},"114":{"start":{"line":271,"column":20},"end":{"line":279,"column":47}},"115":{"start":{"line":281,"column":24},"end":{"line":293,"column":9}},"116":{"start":{"line":281,"column":43},"end":{"line":293,"column":7}},"117":{"start":{"line":295,"column":6},"end":{"line":295,"column":26}},"118":{"start":{"line":297,"column":6},"end":{"line":297,"column":53}}},"fnMap":{"0":{"name":"formatarData","decl":{"start":{"line":8,"column":9},"end":{"line":8,"column":21}},"loc":{"start":{"line":8,"column":28},"end":{"line":14,"column":1}},"line":8},"1":{"name":"formatarHora","decl":{"start":{"line":16,"column":9},"end":{"line":16,"column":21}},"loc":{"start":{"line":16,"column":28},"end":{"line":21,"column":1}},"line":16},"2":{"name":"criarResumo","decl":{"start":{"line":23,"column":9},"end":{"line":23,"column":20}},"loc":{"start":{"line":23,"column":31},"end":{"line":27,"column":1}},"line":23},"3":{"name":"parseNumeroPositivo","decl":{"start":{"line":29,"column":9},"end":{"line":29,"column":28}},"loc":{"start":{"line":29,"column":58},"end":{"line":34,"column":1}},"line":29},"4":{"name":"foiAtualizado","decl":{"start":{"line":36,"column":9},"end":{"line":36,"column":22}},"loc":{"start":{"line":36,"column":45},"end":{"line":41,"column":1}},"line":36},"5":{"name":"(anonymous_5)","decl":{"start":{"line":46,"column":2},"end":{"line":46,"column":3}},"loc":{"start":{"line":46,"column":37},"end":{"line":116,"column":3}},"line":46},"6":{"name":"(anonymous_6)","decl":{"start":{"line":70,"column":58},"end":{"line":70,"column":59}},"loc":{"start":{"line":70,"column":72},"end":{"line":97,"column":7}},"line":70},"7":{"name":"(anonymous_7)","decl":{"start":{"line":82,"column":42},"end":{"line":82,"column":43}},"loc":{"start":{"line":82,"column":48},"end":{"line":87,"column":11}},"line":82},"8":{"name":"(anonymous_8)","decl":{"start":{"line":89,"column":42},"end":{"line":89,"column":43}},"loc":{"start":{"line":89,"column":48},"end":{"line":94,"column":11}},"line":89},"9":{"name":"(anonymous_9)","decl":{"start":{"line":119,"column":2},"end":{"line":119,"column":3}},"loc":{"start":{"line":119,"column":33},"end":{"line":145,"column":3}},"line":119},"10":{"name":"(anonymous_10)","decl":{"start":{"line":148,"column":2},"end":{"line":148,"column":3}},"loc":{"start":{"line":148,"column":35},"end":{"line":200,"column":3}},"line":148},"11":{"name":"(anonymous_11)","decl":{"start":{"line":203,"column":2},"end":{"line":203,"column":3}},"loc":{"start":{"line":203,"column":36},"end":{"line":245,"column":3}},"line":203},"12":{"name":"(anonymous_12)","decl":{"start":{"line":248,"column":2},"end":{"line":248,"column":3}},"loc":{"start":{"line":248,"column":37},"end":{"line":261,"column":3}},"line":248},"13":{"name":"(anonymous_13)","decl":{"start":{"line":264,"column":2},"end":{"line":264,"column":3}},"loc":{"start":{"line":264,"column":37},"end":{"line":299,"column":3}},"line":264},"14":{"name":"(anonymous_14)","decl":{"start":{"line":281,"column":34},"end":{"line":281,"column":35}},"loc":{"start":{"line":281,"column":43},"end":{"line":293,"column":7}},"line":281}},"branchMap":{"0":{"loc":{"start":{"line":24,"column":2},"end":{"line":24,"column":27}},"type":"if","locations":[{"start":{"line":24,"column":2},"end":{"line":24,"column":27}},{"start":{},"end":{}}],"line":24},"1":{"loc":{"start":{"line":25,"column":2},"end":{"line":25,"column":61}},"type":"if","locations":[{"start":{"line":25,"column":2},"end":{"line":25,"column":61}},{"start":{},"end":{}}],"line":25},"2":{"loc":{"start":{"line":29,"column":46},"end":{"line":29,"column":56}},"type":"default-arg","locations":[{"start":{"line":29,"column":52},"end":{"line":29,"column":56}}],"line":29},"3":{"loc":{"start":{"line":31,"column":2},"end":{"line":31,"column":59}},"type":"if","locations":[{"start":{"line":31,"column":2},"end":{"line":31,"column":59}},{"start":{},"end":{}}],"line":31},"4":{"loc":{"start":{"line":31,"column":6},"end":{"line":31,"column":41}},"type":"binary-expr","locations":[{"start":{"line":31,"column":6},"end":{"line":31,"column":26}},{"start":{"line":31,"column":30},"end":{"line":31,"column":41}}],"line":31},"5":{"loc":{"start":{"line":32,"column":2},"end":{"line":32,"column":49}},"type":"if","locations":[{"start":{"line":32,"column":2},"end":{"line":32,"column":49}},{"start":{},"end":{}}],"line":32},"6":{"loc":{"start":{"line":37,"column":2},"end":{"line":37,"column":45}},"type":"if","locations":[{"start":{"line":37,"column":2},"end":{"line":37,"column":45}},{"start":{},"end":{}}],"line":37},"7":{"loc":{"start":{"line":37,"column":6},"end":{"line":37,"column":30}},"type":"binary-expr","locations":[{"start":{"line":37,"column":6},"end":{"line":37,"column":16}},{"start":{"line":37,"column":20},"end":{"line":37,"column":30}}],"line":37},"8":{"loc":{"start":{"line":49,"column":30},"end":{"line":49,"column":91}},"type":"binary-expr","locations":[{"start":{"line":49,"column":30},"end":{"line":49,"column":58}},{"start":{"line":49,"column":62},"end":{"line":49,"column":91}}],"line":49},"9":{"loc":{"start":{"line":56,"column":6},"end":{"line":58,"column":7}},"type":"if","locations":[{"start":{"line":56,"column":6},"end":{"line":58,"column":7}},{"start":{},"end":{}}],"line":56},"10":{"loc":{"start":{"line":66,"column":20},"end":{"line":66,"column":87}},"type":"cond-expr","locations":[{"start":{"line":66,"column":38},"end":{"line":66,"column":73}},{"start":{"line":66,"column":76},"end":{"line":66,"column":87}}],"line":66},"11":{"loc":{"start":{"line":79,"column":18},"end":{"line":79,"column":44}},"type":"binary-expr","locations":[{"start":{"line":79,"column":18},"end":{"line":79,"column":29}},{"start":{"line":79,"column":33},"end":{"line":79,"column":44}}],"line":79},"12":{"loc":{"start":{"line":81,"column":20},"end":{"line":81,"column":101}},"type":"cond-expr","locations":[{"start":{"line":81,"column":37},"end":{"line":81,"column":89}},{"start":{"line":81,"column":92},"end":{"line":81,"column":101}}],"line":81},"13":{"loc":{"start":{"line":82,"column":24},"end":{"line":87,"column":26}},"type":"cond-expr","locations":[{"start":{"line":82,"column":41},"end":{"line":87,"column":14}},{"start":{"line":87,"column":17},"end":{"line":87,"column":26}}],"line":82},"14":{"loc":{"start":{"line":88,"column":24},"end":{"line":88,"column":101}},"type":"cond-expr","locations":[{"start":{"line":88,"column":37},"end":{"line":88,"column":89}},{"start":{"line":88,"column":92},"end":{"line":88,"column":101}}],"line":88},"15":{"loc":{"start":{"line":89,"column":28},"end":{"line":94,"column":26}},"type":"cond-expr","locations":[{"start":{"line":89,"column":41},"end":{"line":94,"column":14}},{"start":{"line":94,"column":17},"end":{"line":94,"column":26}}],"line":89},"16":{"loc":{"start":{"line":102,"column":6},"end":{"line":104,"column":7}},"type":"if","locations":[{"start":{"line":102,"column":6},"end":{"line":104,"column":7}},{"start":{},"end":{}}],"line":102},"17":{"loc":{"start":{"line":124,"column":6},"end":{"line":124,"column":81}},"type":"if","locations":[{"start":{"line":124,"column":6},"end":{"line":124,"column":81}},{"start":{},"end":{}}],"line":124},"18":{"loc":{"start":{"line":136,"column":16},"end":{"line":136,"column":42}},"type":"binary-expr","locations":[{"start":{"line":136,"column":16},"end":{"line":136,"column":27}},{"start":{"line":136,"column":31},"end":{"line":136,"column":42}}],"line":136},"19":{"loc":{"start":{"line":139,"column":22},"end":{"line":139,"column":75}},"type":"cond-expr","locations":[{"start":{"line":139,"column":35},"end":{"line":139,"column":63}},{"start":{"line":139,"column":66},"end":{"line":139,"column":75}}],"line":139},"20":{"loc":{"start":{"line":152,"column":6},"end":{"line":154,"column":7}},"type":"if","locations":[{"start":{"line":152,"column":6},"end":{"line":154,"column":7}},{"start":{},"end":{}}],"line":152},"21":{"loc":{"start":{"line":152,"column":10},"end":{"line":152,"column":53}},"type":"binary-expr","locations":[{"start":{"line":152,"column":10},"end":{"line":152,"column":17}},{"start":{"line":152,"column":21},"end":{"line":152,"column":30}},{"start":{"line":152,"column":34},"end":{"line":152,"column":53}}],"line":152},"22":{"loc":{"start":{"line":158,"column":6},"end":{"line":158,"column":87}},"type":"if","locations":[{"start":{"line":158,"column":6},"end":{"line":158,"column":87}},{"start":{},"end":{}}],"line":158},"23":{"loc":{"start":{"line":162,"column":6},"end":{"line":168,"column":7}},"type":"if","locations":[{"start":{"line":162,"column":6},"end":{"line":168,"column":7}},{"start":{"line":165,"column":13},"end":{"line":168,"column":7}}],"line":162},"24":{"loc":{"start":{"line":165,"column":13},"end":{"line":168,"column":7}},"type":"if","locations":[{"start":{"line":165,"column":13},"end":{"line":168,"column":7}},{"start":{},"end":{}}],"line":165},"25":{"loc":{"start":{"line":165,"column":17},"end":{"line":165,"column":60}},"type":"binary-expr","locations":[{"start":{"line":165,"column":17},"end":{"line":165,"column":43}},{"start":{"line":165,"column":47},"end":{"line":165,"column":60}}],"line":165},"26":{"loc":{"start":{"line":174,"column":16},"end":{"line":174,"column":37}},"type":"binary-expr","locations":[{"start":{"line":174,"column":16},"end":{"line":174,"column":22}},{"start":{"line":174,"column":26},"end":{"line":174,"column":37}}],"line":174},"27":{"loc":{"start":{"line":195,"column":22},"end":{"line":195,"column":122}},"type":"cond-expr","locations":[{"start":{"line":195,"column":78},"end":{"line":195,"column":110}},{"start":{"line":195,"column":113},"end":{"line":195,"column":122}}],"line":195},"28":{"loc":{"start":{"line":209,"column":6},"end":{"line":209,"column":81}},"type":"if","locations":[{"start":{"line":209,"column":6},"end":{"line":209,"column":81}},{"start":{},"end":{}}],"line":209},"29":{"loc":{"start":{"line":211,"column":6},"end":{"line":213,"column":7}},"type":"if","locations":[{"start":{"line":211,"column":6},"end":{"line":213,"column":7}},{"start":{},"end":{}}],"line":211},"30":{"loc":{"start":{"line":211,"column":10},"end":{"line":211,"column":127}},"type":"binary-expr","locations":[{"start":{"line":211,"column":10},"end":{"line":211,"column":17}},{"start":{"line":211,"column":21},"end":{"line":211,"column":30}},{"start":{"line":211,"column":34},"end":{"line":211,"column":53}},{"start":{"line":211,"column":57},"end":{"line":211,"column":64}},{"start":{"line":211,"column":68},"end":{"line":211,"column":77}},{"start":{"line":211,"column":81},"end":{"line":211,"column":127}}],"line":211},"31":{"loc":{"start":{"line":211,"column":83},"end":{"line":211,"column":126}},"type":"binary-expr","locations":[{"start":{"line":211,"column":83},"end":{"line":211,"column":109}},{"start":{"line":211,"column":113},"end":{"line":211,"column":126}}],"line":211},"32":{"loc":{"start":{"line":215,"column":6},"end":{"line":215,"column":39}},"type":"if","locations":[{"start":{"line":215,"column":6},"end":{"line":215,"column":39}},{"start":{},"end":{}}],"line":215},"33":{"loc":{"start":{"line":216,"column":6},"end":{"line":216,"column":45}},"type":"if","locations":[{"start":{"line":216,"column":6},"end":{"line":216,"column":45}},{"start":{},"end":{}}],"line":216},"34":{"loc":{"start":{"line":217,"column":6},"end":{"line":217,"column":75}},"type":"if","locations":[{"start":{"line":217,"column":6},"end":{"line":217,"column":75}},{"start":{},"end":{}}],"line":217},"35":{"loc":{"start":{"line":218,"column":6},"end":{"line":218,"column":39}},"type":"if","locations":[{"start":{"line":218,"column":6},"end":{"line":218,"column":39}},{"start":{},"end":{}}],"line":218},"36":{"loc":{"start":{"line":219,"column":6},"end":{"line":223,"column":7}},"type":"if","locations":[{"start":{"line":219,"column":6},"end":{"line":223,"column":7}},{"start":{"line":221,"column":13},"end":{"line":223,"column":7}}],"line":219},"37":{"loc":{"start":{"line":221,"column":13},"end":{"line":223,"column":7}},"type":"if","locations":[{"start":{"line":221,"column":13},"end":{"line":223,"column":7}},{"start":{},"end":{}}],"line":221},"38":{"loc":{"start":{"line":221,"column":17},"end":{"line":221,"column":60}},"type":"binary-expr","locations":[{"start":{"line":221,"column":17},"end":{"line":221,"column":43}},{"start":{"line":221,"column":47},"end":{"line":221,"column":60}}],"line":221},"39":{"loc":{"start":{"line":252,"column":6},"end":{"line":254,"column":7}},"type":"if","locations":[{"start":{"line":252,"column":6},"end":{"line":254,"column":7}},{"start":{},"end":{}}],"line":252},"40":{"loc":{"start":{"line":266,"column":16},"end":{"line":266,"column":48}},"type":"binary-expr","locations":[{"start":{"line":266,"column":16},"end":{"line":266,"column":27}},{"start":{"line":266,"column":31},"end":{"line":266,"column":48}}],"line":266},"41":{"loc":{"start":{"line":267,"column":6},"end":{"line":267,"column":91}},"type":"if","locations":[{"start":{"line":267,"column":6},"end":{"line":267,"column":91}},{"start":{},"end":{}}],"line":267}},"s":{"0":2,"1":6,"2":6,"3":6,"4":6,"5":6,"6":2,"7":2,"8":2,"9":2,"10":3,"11":0,"12":3,"13":3,"14":0,"15":2,"16":2,"17":2,"18":0,"19":0,"20":0,"21":3,"22":0,"23":3,"24":3,"25":3,"26":1,"27":1,"28":1,"29":1,"30":1,"31":1,"32":1,"33":0,"34":1,"35":1,"36":1,"37":1,"38":1,"39":1,"40":1,"41":1,"42":1,"43":1,"44":1,"45":0,"46":0,"47":0,"48":0,"49":1,"50":1,"51":0,"52":0,"53":2,"54":2,"55":2,"56":2,"57":1,"58":1,"59":1,"60":1,"61":0,"62":1,"63":1,"64":1,"65":0,"66":1,"67":1,"68":0,"69":1,"70":1,"71":0,"72":1,"73":0,"74":1,"75":1,"76":1,"77":0,"78":2,"79":2,"80":2,"81":2,"82":2,"83":1,"84":1,"85":0,"86":1,"87":1,"88":1,"89":1,"90":1,"91":0,"92":1,"93":0,"94":1,"95":0,"96":1,"97":0,"98":1,"99":1,"100":0,"101":2,"102":2,"103":2,"104":2,"105":1,"106":1,"107":1,"108":0,"109":2,"110":2,"111":2,"112":1,"113":1,"114":1,"115":1,"116":1,"117":1,"118":0},"f":{"0":6,"1":2,"2":3,"3":2,"4":3,"5":1,"6":1,"7":1,"8":0,"9":2,"10":1,"11":2,"12":2,"13":2,"14":1},"b":{"0":[0,3],"1":[3,0],"2":[1],"3":[2,0],"4":[2,0],"5":[0,0],"6":[0,3],"7":[3,3],"8":[1,1],"9":[0,1],"10":[0,1],"11":[1,0],"12":[1,0],"13":[1,0],"14":[0,1],"15":[0,1],"16":[1,0],"17":[1,1],"18":[1,0],"19":[0,1],"20":[0,1],"21":[1,1,1],"22":[0,1],"23":[0,1],"24":[0,1],"25":[1,0],"26":[1,1],"27":[0,1],"28":[1,1],"29":[0,1],"30":[1,0,0,0,0,0],"31":[0,0],"32":[1,0],"33":[1,0],"34":[0,1],"35":[0,1],"36":[0,1],"37":[0,1],"38":[1,0],"39":[1,1],"40":[2,1],"41":[1,1]},"_coverageSchema":"1a1c01bbd47fc00a2c39e90264f33305004495a9","hash":"a3460a5615eaf164e2456c8f38eab8d3fe2990e9"}
,"C:\\Users\\carol\\FIAP\\Fase 4\\fase3\\Backend\\src\\controllers\\usuariosController.js": {"path":"C:\\Users\\carol\\FIAP\\Fase 4\\fase3\\Backend\\src\\controllers\\usuariosController.js","statementMap":{"0":{"start":{"line":6,"column":4},"end":{"line":67,"column":5}},"1":{"start":{"line":7,"column":47},"end":{"line":7,"column":55}},"2":{"start":{"line":9,"column":6},"end":{"line":11,"column":7}},"3":{"start":{"line":10,"column":8},"end":{"line":10,"column":71}},"4":{"start":{"line":13,"column":29},"end":{"line":13,"column":48}},"5":{"start":{"line":14,"column":6},"end":{"line":16,"column":7}},"6":{"start":{"line":15,"column":8},"end":{"line":15,"column":66}},"7":{"start":{"line":18,"column":6},"end":{"line":39,"column":7}},"8":{"start":{"line":19,"column":8},"end":{"line":21,"column":9}},"9":{"start":{"line":20,"column":10},"end":{"line":20,"column":89}},"10":{"start":{"line":22,"column":28},"end":{"line":27,"column":10}},"11":{"start":{"line":29,"column":8},"end":{"line":38,"column":11}},"12":{"start":{"line":42,"column":6},"end":{"line":44,"column":7}},"13":{"start":{"line":43,"column":8},"end":{"line":43,"column":80}},"14":{"start":{"line":45,"column":26},"end":{"line":50,"column":8}},"15":{"start":{"line":52,"column":6},"end":{"line":61,"column":9}},"16":{"start":{"line":63,"column":6},"end":{"line":65,"column":7}},"17":{"start":{"line":64,"column":8},"end":{"line":64,"column":72}},"18":{"start":{"line":66,"column":6},"end":{"line":66,"column":60}},"19":{"start":{"line":71,"column":4},"end":{"line":111,"column":5}},"20":{"start":{"line":72,"column":52},"end":{"line":72,"column":61}},"21":{"start":{"line":74,"column":21},"end":{"line":74,"column":41}},"22":{"start":{"line":76,"column":26},"end":{"line":76,"column":89}},"23":{"start":{"line":76,"column":37},"end":{"line":76,"column":89}},"24":{"start":{"line":77,"column":24},"end":{"line":77,"column":69}},"25":{"start":{"line":78,"column":6},"end":{"line":81,"column":7}},"26":{"start":{"line":79,"column":22},"end":{"line":79,"column":61}},"27":{"start":{"line":80,"column":8},"end":{"line":80,"column":72}},"28":{"start":{"line":82,"column":25},"end":{"line":82,"column":61}},"29":{"start":{"line":83,"column":26},"end":{"line":83,"column":64}},"30":{"start":{"line":84,"column":19},"end":{"line":84,"column":49}},"31":{"start":{"line":86,"column":32},"end":{"line":94,"column":8}},"32":{"start":{"line":96,"column":6},"end":{"line":108,"column":9}},"33":{"start":{"line":97,"column":45},"end":{"line":103,"column":9}},"34":{"start":{"line":110,"column":6},"end":{"line":110,"column":60}},"35":{"start":{"line":115,"column":4},"end":{"line":132,"column":5}},"36":{"start":{"line":116,"column":21},"end":{"line":116,"column":31}},"37":{"start":{"line":117,"column":22},"end":{"line":117,"column":65}},"38":{"start":{"line":118,"column":6},"end":{"line":120,"column":7}},"39":{"start":{"line":119,"column":8},"end":{"line":119,"column":75}},"40":{"start":{"line":121,"column":6},"end":{"line":129,"column":9}},"41":{"start":{"line":131,"column":6},"end":{"line":131,"column":60}},"42":{"start":{"line":136,"column":4},"end":{"line":169,"column":5}},"43":{"start":{"line":137,"column":21},"end":{"line":137,"column":31}},"44":{"start":{"line":138,"column":47},"end":{"line":138,"column":55}},"45":{"start":{"line":140,"column":22},"end":{"line":140,"column":48}},"46":{"start":{"line":141,"column":6},"end":{"line":143,"column":7}},"47":{"start":{"line":142,"column":8},"end":{"line":142,"column":75}},"48":{"start":{"line":145,"column":6},"end":{"line":145,"column":36}},"49":{"start":{"line":145,"column":16},"end":{"line":145,"column":36}},"50":{"start":{"line":146,"column":6},"end":{"line":146,"column":39}},"51":{"start":{"line":146,"column":17},"end":{"line":146,"column":39}},"52":{"start":{"line":147,"column":6},"end":{"line":147,"column":30}},"53":{"start":{"line":147,"column":14},"end":{"line":147,"column":30}},"54":{"start":{"line":148,"column":6},"end":{"line":148,"column":36}},"55":{"start":{"line":148,"column":16},"end":{"line":148,"column":36}},"56":{"start":{"line":149,"column":6},"end":{"line":151,"column":7}},"57":{"start":{"line":150,"column":8},"end":{"line":150,"column":53}},"58":{"start":{"line":153,"column":6},"end":{"line":153,"column":27}},"59":{"start":{"line":155,"column":6},"end":{"line":163,"column":9}},"60":{"start":{"line":165,"column":6},"end":{"line":167,"column":7}},"61":{"start":{"line":166,"column":8},"end":{"line":166,"column":78}},"62":{"start":{"line":168,"column":6},"end":{"line":168,"column":60}},"63":{"start":{"line":173,"column":4},"end":{"line":182,"column":5}},"64":{"start":{"line":174,"column":21},"end":{"line":174,"column":31}},"65":{"start":{"line":175,"column":22},"end":{"line":175,"column":57}},"66":{"start":{"line":176,"column":6},"end":{"line":178,"column":7}},"67":{"start":{"line":177,"column":8},"end":{"line":177,"column":75}},"68":{"start":{"line":179,"column":6},"end":{"line":179,"column":79}},"69":{"start":{"line":181,"column":6},"end":{"line":181,"column":60}}},"fnMap":{"0":{"name":"(anonymous_0)","decl":{"start":{"line":5,"column":2},"end":{"line":5,"column":3}},"loc":{"start":{"line":5,"column":38},"end":{"line":68,"column":3}},"line":5},"1":{"name":"(anonymous_1)","decl":{"start":{"line":70,"column":2},"end":{"line":70,"column":3}},"loc":{"start":{"line":70,"column":40},"end":{"line":112,"column":3}},"line":70},"2":{"name":"(anonymous_2)","decl":{"start":{"line":76,"column":26},"end":{"line":76,"column":27}},"loc":{"start":{"line":76,"column":37},"end":{"line":76,"column":89}},"line":76},"3":{"name":"(anonymous_3)","decl":{"start":{"line":97,"column":31},"end":{"line":97,"column":32}},"loc":{"start":{"line":97,"column":45},"end":{"line":103,"column":9}},"line":97},"4":{"name":"(anonymous_4)","decl":{"start":{"line":114,"column":2},"end":{"line":114,"column":3}},"loc":{"start":{"line":114,"column":38},"end":{"line":133,"column":3}},"line":114},"5":{"name":"(anonymous_5)","decl":{"start":{"line":135,"column":2},"end":{"line":135,"column":3}},"loc":{"start":{"line":135,"column":42},"end":{"line":170,"column":3}},"line":135},"6":{"name":"(anonymous_6)","decl":{"start":{"line":172,"column":2},"end":{"line":172,"column":3}},"loc":{"start":{"line":172,"column":40},"end":{"line":183,"column":3}},"line":172}},"branchMap":{"0":{"loc":{"start":{"line":9,"column":6},"end":{"line":11,"column":7}},"type":"if","locations":[{"start":{"line":9,"column":6},"end":{"line":11,"column":7}},{"start":{},"end":{}}],"line":9},"1":{"loc":{"start":{"line":13,"column":29},"end":{"line":13,"column":48}},"type":"binary-expr","locations":[{"start":{"line":13,"column":29},"end":{"line":13,"column":33}},{"start":{"line":13,"column":37},"end":{"line":13,"column":48}}],"line":13},"2":{"loc":{"start":{"line":14,"column":6},"end":{"line":16,"column":7}},"type":"if","locations":[{"start":{"line":14,"column":6},"end":{"line":16,"column":7}},{"start":{},"end":{}}],"line":14},"3":{"loc":{"start":{"line":14,"column":10},"end":{"line":14,"column":70}},"type":"binary-expr","locations":[{"start":{"line":14,"column":10},"end":{"line":14,"column":40}},{"start":{"line":14,"column":44},"end":{"line":14,"column":70}}],"line":14},"4":{"loc":{"start":{"line":18,"column":6},"end":{"line":39,"column":7}},"type":"if","locations":[{"start":{"line":18,"column":6},"end":{"line":39,"column":7}},{"start":{},"end":{}}],"line":18},"5":{"loc":{"start":{"line":19,"column":8},"end":{"line":21,"column":9}},"type":"if","locations":[{"start":{"line":19,"column":8},"end":{"line":21,"column":9}},{"start":{},"end":{}}],"line":19},"6":{"loc":{"start":{"line":42,"column":6},"end":{"line":44,"column":7}},"type":"if","locations":[{"start":{"line":42,"column":6},"end":{"line":44,"column":7}},{"start":{},"end":{}}],"line":42},"7":{"loc":{"start":{"line":63,"column":6},"end":{"line":65,"column":7}},"type":"if","locations":[{"start":{"line":63,"column":6},"end":{"line":65,"column":7}},{"start":{},"end":{}}],"line":63},"8":{"loc":{"start":{"line":72,"column":27},"end":{"line":72,"column":35}},"type":"default-arg","locations":[{"start":{"line":72,"column":34},"end":{"line":72,"column":35}}],"line":72},"9":{"loc":{"start":{"line":72,"column":37},"end":{"line":72,"column":47}},"type":"default-arg","locations":[{"start":{"line":72,"column":45},"end":{"line":72,"column":47}}],"line":72},"10":{"loc":{"start":{"line":74,"column":21},"end":{"line":74,"column":41}},"type":"cond-expr","locations":[{"start":{"line":74,"column":28},"end":{"line":74,"column":36}},{"start":{"line":74,"column":39},"end":{"line":74,"column":41}}],"line":74},"11":{"loc":{"start":{"line":77,"column":24},"end":{"line":77,"column":69}},"type":"cond-expr","locations":[{"start":{"line":77,"column":52},"end":{"line":77,"column":64}},{"start":{"line":77,"column":67},"end":{"line":77,"column":69}}],"line":77},"12":{"loc":{"start":{"line":78,"column":6},"end":{"line":81,"column":7}},"type":"if","locations":[{"start":{"line":78,"column":6},"end":{"line":81,"column":7}},{"start":{},"end":{}}],"line":78},"13":{"loc":{"start":{"line":82,"column":34},"end":{"line":82,"column":57}},"type":"binary-expr","locations":[{"start":{"line":82,"column":34},"end":{"line":82,"column":52}},{"start":{"line":82,"column":56},"end":{"line":82,"column":57}}],"line":82},"14":{"loc":{"start":{"line":83,"column":35},"end":{"line":83,"column":60}},"type":"binary-expr","locations":[{"start":{"line":83,"column":35},"end":{"line":83,"column":54}},{"start":{"line":83,"column":58},"end":{"line":83,"column":60}}],"line":83},"15":{"loc":{"start":{"line":118,"column":6},"end":{"line":120,"column":7}},"type":"if","locations":[{"start":{"line":118,"column":6},"end":{"line":120,"column":7}},{"start":{},"end":{}}],"line":118},"16":{"loc":{"start":{"line":141,"column":6},"end":{"line":143,"column":7}},"type":"if","locations":[{"start":{"line":141,"column":6},"end":{"line":143,"column":7}},{"start":{},"end":{}}],"line":141},"17":{"loc":{"start":{"line":145,"column":6},"end":{"line":145,"column":36}},"type":"if","locations":[{"start":{"line":145,"column":6},"end":{"line":145,"column":36}},{"start":{},"end":{}}],"line":145},"18":{"loc":{"start":{"line":146,"column":6},"end":{"line":146,"column":39}},"type":"if","locations":[{"start":{"line":146,"column":6},"end":{"line":146,"column":39}},{"start":{},"end":{}}],"line":146},"19":{"loc":{"start":{"line":147,"column":6},"end":{"line":147,"column":30}},"type":"if","locations":[{"start":{"line":147,"column":6},"end":{"line":147,"column":30}},{"start":{},"end":{}}],"line":147},"20":{"loc":{"start":{"line":148,"column":6},"end":{"line":148,"column":36}},"type":"if","locations":[{"start":{"line":148,"column":6},"end":{"line":148,"column":36}},{"start":{},"end":{}}],"line":148},"21":{"loc":{"start":{"line":149,"column":6},"end":{"line":151,"column":7}},"type":"if","locations":[{"start":{"line":149,"column":6},"end":{"line":151,"column":7}},{"start":{},"end":{}}],"line":149},"22":{"loc":{"start":{"line":165,"column":6},"end":{"line":167,"column":7}},"type":"if","locations":[{"start":{"line":165,"column":6},"end":{"line":167,"column":7}},{"start":{},"end":{}}],"line":165},"23":{"loc":{"start":{"line":176,"column":6},"end":{"line":178,"column":7}},"type":"if","locations":[{"start":{"line":176,"column":6},"end":{"line":178,"column":7}},{"start":{},"end":{}}],"line":176}},"s":{"0":0,"1":0,"2":0,"3":0,"4":0,"5":0,"6":0,"7":0,"8":0,"9":0,"10":0,"11":0,"12":0,"13":0,"14":0,"15":0,"16":0,"17":0,"18":0,"19":0,"20":0,"21":0,"22":0,"23":0,"24":0,"25":0,"26":0,"27":0,"28":0,"29":0,"30":0,"31":0,"32":0,"33":0,"34":0,"35":0,"36":0,"37":0,"38":0,"39":0,"40":0,"41":0,"42":0,"43":0,"44":0,"45":0,"46":0,"47":0,"48":0,"49":0,"50":0,"51":0,"52":0,"53":0,"54":0,"55":0,"56":0,"57":0,"58":0,"59":0,"60":0,"61":0,"62":0,"63":0,"64":0,"65":0,"66":0,"67":0,"68":0,"69":0},"f":{"0":0,"1":0,"2":0,"3":0,"4":0,"5":0,"6":0},"b":{"0":[0,0],"1":[0,0],"2":[0,0],"3":[0,0],"4":[0,0],"5":[0,0],"6":[0,0],"7":[0,0],"8":[0],"9":[0],"10":[0,0],"11":[0,0],"12":[0,0],"13":[0,0],"14":[0,0],"15":[0,0],"16":[0,0],"17":[0,0],"18":[0,0],"19":[0,0],"20":[0,0],"21":[0,0],"22":[0,0],"23":[0,0]},"_coverageSchema":"1a1c01bbd47fc00a2c39e90264f33305004495a9","hash":"74258978c6ffcdb6db1043952450d975ca92b4ff"}
,"C:\\Users\\carol\\FIAP\\Fase 4\\fase3\\Backend\\src\\controllers\\validacaoController.js": {"path":"C:\\Users\\carol\\FIAP\\Fase 4\\fase3\\Backend\\src\\controllers\\validacaoController.js","statementMap":{"0":{"start":{"line":5,"column":4},"end":{"line":10,"column":23}},"1":{"start":{"line":16,"column":8},"end":{"line":36,"column":9}},"2":{"start":{"line":17,"column":49},"end":{"line":17,"column":57}},"3":{"start":{"line":19,"column":12},"end":{"line":21,"column":13}},"4":{"start":{"line":20,"column":16},"end":{"line":20,"column":103}},"5":{"start":{"line":23,"column":32},"end":{"line":23,"column":60}},"6":{"start":{"line":24,"column":32},"end":{"line":24,"column":95}},"7":{"start":{"line":26,"column":12},"end":{"line":29,"column":15}},"8":{"start":{"line":32,"column":12},"end":{"line":34,"column":13}},"9":{"start":{"line":33,"column":16},"end":{"line":33,"column":80}},"10":{"start":{"line":35,"column":12},"end":{"line":35,"column":100}},"11":{"start":{"line":40,"column":8},"end":{"line":84,"column":9}},"12":{"start":{"line":41,"column":37},"end":{"line":41,"column":45}},"13":{"start":{"line":44,"column":12},"end":{"line":44,"column":109}},"14":{"start":{"line":44,"column":34},"end":{"line":44,"column":109}},"15":{"start":{"line":46,"column":38},"end":{"line":46,"column":70}},"16":{"start":{"line":47,"column":12},"end":{"line":47,"column":103}},"17":{"start":{"line":47,"column":36},"end":{"line":47,"column":103}},"18":{"start":{"line":50,"column":12},"end":{"line":66,"column":13}},"19":{"start":{"line":51,"column":36},"end":{"line":51,"column":64}},"20":{"start":{"line":52,"column":16},"end":{"line":52,"column":54}},"21":{"start":{"line":53,"column":16},"end":{"line":53,"column":57}},"22":{"start":{"line":54,"column":16},"end":{"line":54,"column":47}},"23":{"start":{"line":56,"column":16},"end":{"line":65,"column":19}},"24":{"start":{"line":68,"column":33},"end":{"line":68,"column":85}},"25":{"start":{"line":69,"column":12},"end":{"line":69,"column":90}},"26":{"start":{"line":69,"column":31},"end":{"line":69,"column":90}},"27":{"start":{"line":72,"column":12},"end":{"line":80,"column":15}},"28":{"start":{"line":83,"column":12},"end":{"line":83,"column":66}},"29":{"start":{"line":89,"column":8},"end":{"line":119,"column":9}},"30":{"start":{"line":90,"column":33},"end":{"line":90,"column":41}},"31":{"start":{"line":92,"column":12},"end":{"line":94,"column":13}},"32":{"start":{"line":93,"column":16},"end":{"line":93,"column":87}},"33":{"start":{"line":96,"column":27},"end":{"line":96,"column":44}},"34":{"start":{"line":97,"column":26},"end":{"line":97,"column":63}},"35":{"start":{"line":99,"column":12},"end":{"line":101,"column":13}},"36":{"start":{"line":100,"column":16},"end":{"line":100,"column":81}},"37":{"start":{"line":103,"column":27},"end":{"line":103,"column":76}},"38":{"start":{"line":104,"column":12},"end":{"line":106,"column":13}},"39":{"start":{"line":105,"column":16},"end":{"line":105,"column":81}},"40":{"start":{"line":108,"column":12},"end":{"line":116,"column":15}},"41":{"start":{"line":118,"column":12},"end":{"line":118,"column":66}}},"fnMap":{"0":{"name":"normalizeText","decl":{"start":{"line":4,"column":9},"end":{"line":4,"column":22}},"loc":{"start":{"line":4,"column":30},"end":{"line":11,"column":1}},"line":4},"1":{"name":"(anonymous_1)","decl":{"start":{"line":15,"column":4},"end":{"line":15,"column":5}},"loc":{"start":{"line":15,"column":44},"end":{"line":37,"column":5}},"line":15},"2":{"name":"(anonymous_2)","decl":{"start":{"line":39,"column":4},"end":{"line":39,"column":5}},"loc":{"start":{"line":39,"column":33},"end":{"line":85,"column":5}},"line":39},"3":{"name":"(anonymous_3)","decl":{"start":{"line":88,"column":4},"end":{"line":88,"column":5}},"loc":{"start":{"line":88,"column":38},"end":{"line":120,"column":5}},"line":88}},"branchMap":{"0":{"loc":{"start":{"line":5,"column":18},"end":{"line":5,"column":29}},"type":"binary-expr","locations":[{"start":{"line":5,"column":18},"end":{"line":5,"column":23}},{"start":{"line":5,"column":27},"end":{"line":5,"column":29}}],"line":5},"1":{"loc":{"start":{"line":19,"column":12},"end":{"line":21,"column":13}},"type":"if","locations":[{"start":{"line":19,"column":12},"end":{"line":21,"column":13}},{"start":{},"end":{}}],"line":19},"2":{"loc":{"start":{"line":19,"column":16},"end":{"line":19,"column":50}},"type":"binary-expr","locations":[{"start":{"line":19,"column":16},"end":{"line":19,"column":21}},{"start":{"line":19,"column":25},"end":{"line":19,"column":31}},{"start":{"line":19,"column":35},"end":{"line":19,"column":41}},{"start":{"line":19,"column":45},"end":{"line":19,"column":50}}],"line":19},"3":{"loc":{"start":{"line":32,"column":12},"end":{"line":34,"column":13}},"type":"if","locations":[{"start":{"line":32,"column":12},"end":{"line":34,"column":13}},{"start":{},"end":{}}],"line":32},"4":{"loc":{"start":{"line":44,"column":12},"end":{"line":44,"column":109}},"type":"if","locations":[{"start":{"line":44,"column":12},"end":{"line":44,"column":109}},{"start":{},"end":{}}],"line":44},"5":{"loc":{"start":{"line":44,"column":16},"end":{"line":44,"column":32}},"type":"binary-expr","locations":[{"start":{"line":44,"column":16},"end":{"line":44,"column":22}},{"start":{"line":44,"column":26},"end":{"line":44,"column":32}}],"line":44},"6":{"loc":{"start":{"line":47,"column":12},"end":{"line":47,"column":103}},"type":"if","locations":[{"start":{"line":47,"column":12},"end":{"line":47,"column":103}},{"start":{},"end":{}}],"line":47},"7":{"loc":{"start":{"line":50,"column":12},"end":{"line":66,"column":13}},"type":"if","locations":[{"start":{"line":50,"column":12},"end":{"line":66,"column":13}},{"start":{},"end":{}}],"line":50},"8":{"loc":{"start":{"line":50,"column":16},"end":{"line":50,"column":76}},"type":"binary-expr","locations":[{"start":{"line":50,"column":16},"end":{"line":50,"column":48}},{"start":{"line":50,"column":52},"end":{"line":50,"column":76}}],"line":50},"9":{"loc":{"start":{"line":69,"column":12},"end":{"line":69,"column":90}},"type":"if","locations":[{"start":{"line":69,"column":12},"end":{"line":69,"column":90}},{"start":{},"end":{}}],"line":69},"10":{"loc":{"start":{"line":92,"column":12},"end":{"line":94,"column":13}},"type":"if","locations":[{"start":{"line":92,"column":12},"end":{"line":94,"column":13}},{"start":{},"end":{}}],"line":92},"11":{"loc":{"start":{"line":92,"column":16},"end":{"line":92,"column":28}},"type":"binary-expr","locations":[{"start":{"line":92,"column":16},"end":{"line":92,"column":21}},{"start":{"line":92,"column":25},"end":{"line":92,"column":28}}],"line":92},"12":{"loc":{"start":{"line":99,"column":12},"end":{"line":101,"column":13}},"type":"if","locations":[{"start":{"line":99,"column":12},"end":{"line":101,"column":13}},{"start":{},"end":{}}],"line":99},"13":{"loc":{"start":{"line":99,"column":16},"end":{"line":99,"column":48}},"type":"binary-expr","locations":[{"start":{"line":99,"column":16},"end":{"line":99,"column":22}},{"start":{"line":99,"column":26},"end":{"line":99,"column":48}}],"line":99},"14":{"loc":{"start":{"line":104,"column":12},"end":{"line":106,"column":13}},"type":"if","locations":[{"start":{"line":104,"column":12},"end":{"line":106,"column":13}},{"start":{},"end":{}}],"line":104}},"s":{"0":4,"1":3,"2":3,"3":3,"4":1,"5":2,"6":2,"7":1,"8":1,"9":0,"10":1,"11":6,"12":6,"13":6,"14":1,"15":5,"16":4,"17":1,"18":3,"19":1,"20":1,"21":1,"22":1,"23":1,"24":2,"25":2,"26":1,"27":1,"28":1,"29":5,"30":5,"31":5,"32":1,"33":4,"34":4,"35":3,"36":1,"37":2,"38":2,"39":1,"40":1,"41":1},"f":{"0":4,"1":3,"2":6,"3":5},"b":{"0":[4,0],"1":[1,2],"2":[3,3,2,2],"3":[0,1],"4":[1,5],"5":[6,5],"6":[1,3],"7":[1,2],"8":[3,2],"9":[1,1],"10":[1,4],"11":[5,4],"12":[1,2],"13":[3,2],"14":[1,1]},"_coverageSchema":"1a1c01bbd47fc00a2c39e90264f33305004495a9","hash":"08a817644c0b65bd9e144cfe051be984d25c1f2e"}
,"C:\\Users\\carol\\FIAP\\Fase 4\\fase3\\Backend\\src\\middleware\\errorHandler.js": {"path":"C:\\Users\\carol\\FIAP\\Fase 4\\fase3\\Backend\\src\\middleware\\errorHandler.js","statementMap":{"0":{"start":{"line":2,"column":2},"end":{"line":2,"column":40}},"1":{"start":{"line":4,"column":2},"end":{"line":6,"column":3}},"2":{"start":{"line":5,"column":4},"end":{"line":5,"column":60}},"3":{"start":{"line":8,"column":2},"end":{"line":10,"column":3}},"4":{"start":{"line":9,"column":4},"end":{"line":9,"column":85}},"5":{"start":{"line":12,"column":2},"end":{"line":14,"column":5}}},"fnMap":{"0":{"name":"errorHandler","decl":{"start":{"line":1,"column":9},"end":{"line":1,"column":21}},"loc":{"start":{"line":1,"column":43},"end":{"line":15,"column":1}},"line":1}},"branchMap":{"0":{"loc":{"start":{"line":4,"column":2},"end":{"line":6,"column":3}},"type":"if","locations":[{"start":{"line":4,"column":2},"end":{"line":6,"column":3}},{"start":{},"end":{}}],"line":4},"1":{"loc":{"start":{"line":8,"column":2},"end":{"line":10,"column":3}},"type":"if","locations":[{"start":{"line":8,"column":2},"end":{"line":10,"column":3}},{"start":{},"end":{}}],"line":8},"2":{"loc":{"start":{"line":12,"column":13},"end":{"line":12,"column":30}},"type":"binary-expr","locations":[{"start":{"line":12,"column":13},"end":{"line":12,"column":23}},{"start":{"line":12,"column":27},"end":{"line":12,"column":30}}],"line":12},"3":{"loc":{"start":{"line":13,"column":13},"end":{"line":13,"column":54}},"type":"binary-expr","locations":[{"start":{"line":13,"column":13},"end":{"line":13,"column":24}},{"start":{"line":13,"column":28},"end":{"line":13,"column":54}}],"line":13}},"s":{"0":0,"1":0,"2":0,"3":0,"4":0,"5":0},"f":{"0":0},"b":{"0":[0,0],"1":[0,0],"2":[0,0],"3":[0,0]},"_coverageSchema":"1a1c01bbd47fc00a2c39e90264f33305004495a9","hash":"34c6a05bdcf01d8d806205c17cc08ef19387d7b5"}
,"C:\\Users\\carol\\FIAP\\Fase 4\\fase3\\Backend\\src\\middleware\\notFound.js": {"path":"C:\\Users\\carol\\FIAP\\Fase 4\\fase3\\Backend\\src\\middleware\\notFound.js","statementMap":{"0":{"start":{"line":2,"column":2},"end":{"line":2,"column":61}}},"fnMap":{"0":{"name":"notFound","decl":{"start":{"line":1,"column":9},"end":{"line":1,"column":17}},"loc":{"start":{"line":1,"column":34},"end":{"line":3,"column":1}},"line":1}},"branchMap":{},"s":{"0":0},"f":{"0":0},"b":{},"_coverageSchema":"1a1c01bbd47fc00a2c39e90264f33305004495a9","hash":"0fe7d8b88bbf1d5920abf4d849d5c5b0a37166a5"}
,"C:\\Users\\carol\\FIAP\\Fase 4\\fase3\\Backend\\src\\middleware\\uploadImagem.js": {"path":"C:\\Users\\carol\\FIAP\\Fase 4\\fase3\\Backend\\src\\middleware\\uploadImagem.js","statementMap":{"0":{"start":{"line":4,"column":16},"end":{"line":4,"column":38}},"1":{"start":{"line":5,"column":15},"end":{"line":5,"column":34}}},"fnMap":{},"branchMap":{},"s":{"0":2,"1":2},"f":{},"b":{},"_coverageSchema":"1a1c01bbd47fc00a2c39e90264f33305004495a9","hash":"46f35d1c67ee012b0e499843089765a5e2c20111"}
,"C:\\Users\\carol\\FIAP\\Fase 4\\fase3\\Backend\\src\\middleware\\validarProfessor.js": {"path":"C:\\Users\\carol\\FIAP\\Fase 4\\fase3\\Backend\\src\\middleware\\validarProfessor.js","statementMap":{"0":{"start":{"line":6,"column":2},"end":{"line":41,"column":3}},"1":{"start":{"line":7,"column":18},"end":{"line":7,"column":77}},"2":{"start":{"line":8,"column":18},"end":{"line":8,"column":77}},"3":{"start":{"line":10,"column":4},"end":{"line":12,"column":5}},"4":{"start":{"line":11,"column":6},"end":{"line":11,"column":92}},"5":{"start":{"line":14,"column":20},"end":{"line":14,"column":52}},"6":{"start":{"line":15,"column":4},"end":{"line":17,"column":5}},"7":{"start":{"line":16,"column":6},"end":{"line":16,"column":73}},"8":{"start":{"line":19,"column":4},"end":{"line":21,"column":5}},"9":{"start":{"line":20,"column":6},"end":{"line":20,"column":101}},"10":{"start":{"line":23,"column":25},"end":{"line":23,"column":67}},"11":{"start":{"line":24,"column":4},"end":{"line":26,"column":5}},"12":{"start":{"line":25,"column":6},"end":{"line":25,"column":92}},"13":{"start":{"line":28,"column":4},"end":{"line":30,"column":5}},"14":{"start":{"line":29,"column":6},"end":{"line":29,"column":80}},"15":{"start":{"line":32,"column":4},"end":{"line":37,"column":6}},"16":{"start":{"line":38,"column":4},"end":{"line":38,"column":11}},"17":{"start":{"line":40,"column":4},"end":{"line":40,"column":58}}},"fnMap":{"0":{"name":"validarProfessor","decl":{"start":{"line":5,"column":15},"end":{"line":5,"column":31}},"loc":{"start":{"line":5,"column":48},"end":{"line":42,"column":1}},"line":5}},"branchMap":{"0":{"loc":{"start":{"line":7,"column":18},"end":{"line":7,"column":77}},"type":"binary-expr","locations":[{"start":{"line":7,"column":18},"end":{"line":7,"column":40}},{"start":{"line":7,"column":44},"end":{"line":7,"column":59}},{"start":{"line":7,"column":63},"end":{"line":7,"column":77}}],"line":7},"1":{"loc":{"start":{"line":8,"column":18},"end":{"line":8,"column":77}},"type":"binary-expr","locations":[{"start":{"line":8,"column":18},"end":{"line":8,"column":40}},{"start":{"line":8,"column":44},"end":{"line":8,"column":59}},{"start":{"line":8,"column":63},"end":{"line":8,"column":77}}],"line":8},"2":{"loc":{"start":{"line":10,"column":4},"end":{"line":12,"column":5}},"type":"if","locations":[{"start":{"line":10,"column":4},"end":{"line":12,"column":5}},{"start":{},"end":{}}],"line":10},"3":{"loc":{"start":{"line":10,"column":8},"end":{"line":10,"column":24}},"type":"binary-expr","locations":[{"start":{"line":10,"column":8},"end":{"line":10,"column":14}},{"start":{"line":10,"column":18},"end":{"line":10,"column":24}}],"line":10},"4":{"loc":{"start":{"line":15,"column":4},"end":{"line":17,"column":5}},"type":"if","locations":[{"start":{"line":15,"column":4},"end":{"line":17,"column":5}},{"start":{},"end":{}}],"line":15},"5":{"loc":{"start":{"line":19,"column":4},"end":{"line":21,"column":5}},"type":"if","locations":[{"start":{"line":19,"column":4},"end":{"line":21,"column":5}},{"start":{},"end":{}}],"line":19},"6":{"loc":{"start":{"line":19,"column":8},"end":{"line":19,"column":48}},"type":"binary-expr","locations":[{"start":{"line":19,"column":8},"end":{"line":19,"column":30}},{"start":{"line":19,"column":34},"end":{"line":19,"column":48}}],"line":19},"7":{"loc":{"start":{"line":24,"column":4},"end":{"line":26,"column":5}},"type":"if","locations":[{"start":{"line":24,"column":4},"end":{"line":26,"column":5}},{"start":{},"end":{}}],"line":24},"8":{"loc":{"start":{"line":28,"column":4},"end":{"line":30,"column":5}},"type":"if","locations":[{"start":{"line":28,"column":4},"end":{"line":30,"column":5}},{"start":{},"end":{}}],"line":28}},"s":{"0":6,"1":6,"2":6,"3":6,"4":0,"5":6,"6":6,"7":1,"8":5,"9":0,"10":5,"11":5,"12":0,"13":5,"14":0,"15":5,"16":5,"17":0},"f":{"0":6},"b":{"0":[6,6,6],"1":[6,6,6],"2":[0,6],"3":[6,6],"4":[1,5],"5":[0,5],"6":[5,5],"7":[0,5],"8":[0,5]},"_coverageSchema":"1a1c01bbd47fc00a2c39e90264f33305004495a9","hash":"6706bcd56fa49a79edbbe2e874a04bc325fb63d6"}
,"C:\\Users\\carol\\FIAP\\Fase 4\\fase3\\Backend\\src\\models\\Comentario.js": {"path":"C:\\Users\\carol\\FIAP\\Fase 4\\fase3\\Backend\\src\\models\\Comentario.js","statementMap":{"0":{"start":{"line":3,"column":25},"end":{"line":11,"column":2}},"1":{"start":{"line":13,"column":19},"end":{"line":13,"column":65}}},"fnMap":{},"branchMap":{},"s":{"0":2,"1":2},"f":{},"b":{},"_coverageSchema":"1a1c01bbd47fc00a2c39e90264f33305004495a9","hash":"693f5d57c6a709f52ee4081b6cdd959b91fb4ef7"}
,"C:\\Users\\carol\\FIAP\\Fase 4\\fase3\\Backend\\src\\models\\Post.js": {"path":"C:\\Users\\carol\\FIAP\\Fase 4\\fase3\\Backend\\src\\models\\Post.js","statementMap":{"0":{"start":{"line":3,"column":19},"end":{"line":28,"column":2}},"1":{"start":{"line":30,"column":0},"end":{"line":35,"column":3}},"2":{"start":{"line":32,"column":4},"end":{"line":32,"column":107}},"3":{"start":{"line":32,"column":23},"end":{"line":32,"column":107}},"4":{"start":{"line":33,"column":4},"end":{"line":33,"column":111}},"5":{"start":{"line":33,"column":23},"end":{"line":33,"column":111}},"6":{"start":{"line":37,"column":14},"end":{"line":37,"column":49}}},"fnMap":{"0":{"name":"(anonymous_0)","decl":{"start":{"line":31,"column":13},"end":{"line":31,"column":14}},"loc":{"start":{"line":31,"column":27},"end":{"line":34,"column":3}},"line":31}},"branchMap":{"0":{"loc":{"start":{"line":32,"column":4},"end":{"line":32,"column":107}},"type":"if","locations":[{"start":{"line":32,"column":4},"end":{"line":32,"column":107}},{"start":{},"end":{}}],"line":32},"1":{"loc":{"start":{"line":33,"column":4},"end":{"line":33,"column":111}},"type":"if","locations":[{"start":{"line":33,"column":4},"end":{"line":33,"column":111}},{"start":{},"end":{}}],"line":33}},"s":{"0":2,"1":2,"2":2,"3":2,"4":2,"5":2,"6":2},"f":{"0":2},"b":{"0":[2,0],"1":[2,0]},"_coverageSchema":"1a1c01bbd47fc00a2c39e90264f33305004495a9","hash":"34060f342ac98adafa49599f0ec0d2bbb1acb554"}
,"C:\\Users\\carol\\FIAP\\Fase 4\\fase3\\Backend\\src\\models\\Usuario.js": {"path":"C:\\Users\\carol\\FIAP\\Fase 4\\fase3\\Backend\\src\\models\\Usuario.js","statementMap":{"0":{"start":{"line":3,"column":22},"end":{"line":27,"column":2}},"1":{"start":{"line":9,"column":6},"end":{"line":9,"column":39}},"2":{"start":{"line":16,"column":6},"end":{"line":16,"column":35}},"3":{"start":{"line":23,"column":6},"end":{"line":23,"column":63}},"4":{"start":{"line":29,"column":16},"end":{"line":29,"column":58}}},"fnMap":{"0":{"name":"(anonymous_0)","decl":{"start":{"line":8,"column":14},"end":{"line":8,"column":15}},"loc":{"start":{"line":8,"column":26},"end":{"line":10,"column":5}},"line":8},"1":{"name":"(anonymous_1)","decl":{"start":{"line":15,"column":14},"end":{"line":15,"column":15}},"loc":{"start":{"line":15,"column":26},"end":{"line":17,"column":5}},"line":15},"2":{"name":"(anonymous_2)","decl":{"start":{"line":22,"column":14},"end":{"line":22,"column":15}},"loc":{"start":{"line":22,"column":26},"end":{"line":24,"column":5}},"line":22}},"branchMap":{"0":{"loc":{"start":{"line":23,"column":13},"end":{"line":23,"column":62}},"type":"binary-expr","locations":[{"start":{"line":23,"column":13},"end":{"line":23,"column":38}},{"start":{"line":23,"column":42},"end":{"line":23,"column":62}}],"line":23}},"s":{"0":3,"1":1,"2":1,"3":1,"4":3},"f":{"0":1,"1":1,"2":1},"b":{"0":[1,1]},"_coverageSchema":"1a1c01bbd47fc00a2c39e90264f33305004495a9","hash":"ffca0eb7de6b1730c42b8347b89e0f1f4d3f3bc7"}
,"C:\\Users\\carol\\FIAP\\Fase 4\\fase3\\Backend\\src\\routes\\comentariosRoutes.js": {"path":"C:\\Users\\carol\\FIAP\\Fase 4\\fase3\\Backend\\src\\routes\\comentariosRoutes.js","statementMap":{"0":{"start":{"line":6,"column":26},"end":{"line":6,"column":42}},"1":{"start":{"line":9,"column":0},"end":{"line":31,"column":3}},"2":{"start":{"line":10,"column":4},"end":{"line":30,"column":5}},"3":{"start":{"line":11,"column":27},"end":{"line":11,"column":37}},"4":{"start":{"line":12,"column":33},"end":{"line":12,"column":41}},"5":{"start":{"line":14,"column":33},"end":{"line":14,"column":78}},"6":{"start":{"line":15,"column":33},"end":{"line":15,"column":78}},"7":{"start":{"line":17,"column":8},"end":{"line":19,"column":9}},"8":{"start":{"line":18,"column":12},"end":{"line":18,"column":90}},"9":{"start":{"line":22,"column":27},"end":{"line":22,"column":56}},"10":{"start":{"line":23,"column":21},"end":{"line":23,"column":49}},"11":{"start":{"line":24,"column":8},"end":{"line":24,"column":83}},"12":{"start":{"line":24,"column":19},"end":{"line":24,"column":83}},"13":{"start":{"line":25,"column":27},"end":{"line":25,"column":103}},"14":{"start":{"line":26,"column":8},"end":{"line":26,"column":32}},"15":{"start":{"line":27,"column":8},"end":{"line":27,"column":41}},"16":{"start":{"line":29,"column":8},"end":{"line":29,"column":55}},"17":{"start":{"line":34,"column":0},"end":{"line":42,"column":3}},"18":{"start":{"line":35,"column":4},"end":{"line":41,"column":5}},"19":{"start":{"line":36,"column":27},"end":{"line":36,"column":37}},"20":{"start":{"line":37,"column":28},"end":{"line":37,"column":90}},"21":{"start":{"line":38,"column":8},"end":{"line":38,"column":30}},"22":{"start":{"line":40,"column":8},"end":{"line":40,"column":55}},"23":{"start":{"line":45,"column":0},"end":{"line":55,"column":3}},"24":{"start":{"line":46,"column":4},"end":{"line":54,"column":5}},"25":{"start":{"line":47,"column":33},"end":{"line":47,"column":43}},"26":{"start":{"line":48,"column":27},"end":{"line":48,"column":66}},"27":{"start":{"line":49,"column":8},"end":{"line":49,"column":95}},"28":{"start":{"line":49,"column":25},"end":{"line":49,"column":95}},"29":{"start":{"line":50,"column":8},"end":{"line":50,"column":37}},"30":{"start":{"line":51,"column":8},"end":{"line":51,"column":53}},"31":{"start":{"line":53,"column":8},"end":{"line":53,"column":55}}},"fnMap":{"0":{"name":"(anonymous_0)","decl":{"start":{"line":9,"column":35},"end":{"line":9,"column":36}},"loc":{"start":{"line":9,"column":55},"end":{"line":31,"column":1}},"line":9},"1":{"name":"(anonymous_1)","decl":{"start":{"line":34,"column":34},"end":{"line":34,"column":35}},"loc":{"start":{"line":34,"column":54},"end":{"line":42,"column":1}},"line":34},"2":{"name":"(anonymous_2)","decl":{"start":{"line":45,"column":61},"end":{"line":45,"column":62}},"loc":{"start":{"line":45,"column":81},"end":{"line":55,"column":1}},"line":45}},"branchMap":{"0":{"loc":{"start":{"line":14,"column":33},"end":{"line":14,"column":78}},"type":"cond-expr","locations":[{"start":{"line":14,"column":61},"end":{"line":14,"column":73}},{"start":{"line":14,"column":76},"end":{"line":14,"column":78}}],"line":14},"1":{"loc":{"start":{"line":15,"column":33},"end":{"line":15,"column":78}},"type":"cond-expr","locations":[{"start":{"line":15,"column":61},"end":{"line":15,"column":73}},{"start":{"line":15,"column":76},"end":{"line":15,"column":78}}],"line":15},"2":{"loc":{"start":{"line":17,"column":8},"end":{"line":19,"column":9}},"type":"if","locations":[{"start":{"line":17,"column":8},"end":{"line":19,"column":9}},{"start":{},"end":{}}],"line":17},"3":{"loc":{"start":{"line":22,"column":27},"end":{"line":22,"column":56}},"type":"binary-expr","locations":[{"start":{"line":22,"column":27},"end":{"line":22,"column":43}},{"start":{"line":22,"column":47},"end":{"line":22,"column":56}}],"line":22},"4":{"loc":{"start":{"line":24,"column":8},"end":{"line":24,"column":83}},"type":"if","locations":[{"start":{"line":24,"column":8},"end":{"line":24,"column":83}},{"start":{},"end":{}}],"line":24},"5":{"loc":{"start":{"line":49,"column":8},"end":{"line":49,"column":95}},"type":"if","locations":[{"start":{"line":49,"column":8},"end":{"line":49,"column":95}},{"start":{},"end":{}}],"line":49}},"s":{"0":2,"1":2,"2":0,"3":0,"4":0,"5":0,"6":0,"7":0,"8":0,"9":0,"10":0,"11":0,"12":0,"13":0,"14":0,"15":0,"16":0,"17":2,"18":0,"19":0,"20":0,"21":0,"22":0,"23":2,"24":0,"25":0,"26":0,"27":0,"28":0,"29":0,"30":0,"31":0},"f":{"0":0,"1":0,"2":0},"b":{"0":[0,0],"1":[0,0],"2":[0,0],"3":[0,0],"4":[0,0],"5":[0,0]},"_coverageSchema":"1a1c01bbd47fc00a2c39e90264f33305004495a9","hash":"b5fd5d254c03356bcba2c75c5606706d8ffa8759"}
,"C:\\Users\\carol\\FIAP\\Fase 4\\fase3\\Backend\\src\\routes\\indexRoutes.js": {"path":"C:\\Users\\carol\\FIAP\\Fase 4\\fase3\\Backend\\src\\routes\\indexRoutes.js","statementMap":{"0":{"start":{"line":8,"column":20},"end":{"line":13,"column":1}},"1":{"start":{"line":9,"column":2},"end":{"line":9,"column":33}},"2":{"start":{"line":10,"column":2},"end":{"line":10,"column":45}},"3":{"start":{"line":11,"column":2},"end":{"line":11,"column":39}},"4":{"start":{"line":12,"column":2},"end":{"line":12,"column":39}}},"fnMap":{"0":{"name":"(anonymous_0)","decl":{"start":{"line":8,"column":20},"end":{"line":8,"column":21}},"loc":{"start":{"line":8,"column":29},"end":{"line":13,"column":1}},"line":8}},"branchMap":{},"s":{"0":2,"1":2,"2":2,"3":2,"4":2},"f":{"0":2},"b":{},"_coverageSchema":"1a1c01bbd47fc00a2c39e90264f33305004495a9","hash":"d2f3eb25e042469bff5398a398cadc78b42f8c67"}
,"C:\\Users\\carol\\FIAP\\Fase 4\\fase3\\Backend\\src\\routes\\postsRoutes.js": {"path":"C:\\Users\\carol\\FIAP\\Fase 4\\fase3\\Backend\\src\\routes\\postsRoutes.js","statementMap":{"0":{"start":{"line":6,"column":20},"end":{"line":6,"column":36}},"1":{"start":{"line":89,"column":0},"end":{"line":89,"column":50}},"2":{"start":{"line":125,"column":0},"end":{"line":125,"column":56}},"3":{"start":{"line":160,"column":0},"end":{"line":160,"column":49}},"4":{"start":{"line":202,"column":0},"end":{"line":202,"column":98}},"5":{"start":{"line":254,"column":0},"end":{"line":254,"column":101}},"6":{"start":{"line":315,"column":0},"end":{"line":315,"column":74}}},"fnMap":{},"branchMap":{},"s":{"0":2,"1":2,"2":2,"3":2,"4":2,"5":2,"6":2},"f":{},"b":{},"_coverageSchema":"1a1c01bbd47fc00a2c39e90264f33305004495a9","hash":"a7a02011fb618eb18b3d444e7d67c11f2c759a13"}
,"C:\\Users\\carol\\FIAP\\Fase 4\\fase3\\Backend\\src\\routes\\usuariosRoutes.js": {"path":"C:\\Users\\carol\\FIAP\\Fase 4\\fase3\\Backend\\src\\routes\\usuariosRoutes.js","statementMap":{"0":{"start":{"line":5,"column":23},"end":{"line":5,"column":39}},"1":{"start":{"line":7,"column":0},"end":{"line":7,"column":76}},"2":{"start":{"line":8,"column":0},"end":{"line":8,"column":77}},"3":{"start":{"line":9,"column":0},"end":{"line":9,"column":78}},"4":{"start":{"line":10,"column":0},"end":{"line":10,"column":82}},"5":{"start":{"line":11,"column":0},"end":{"line":11,"column":83}}},"fnMap":{},"branchMap":{},"s":{"0":2,"1":2,"2":2,"3":2,"4":2,"5":2},"f":{},"b":{},"_coverageSchema":"1a1c01bbd47fc00a2c39e90264f33305004495a9","hash":"43487e0ff6c8cf299e75fead96762643bb7cfc16"}
,"C:\\Users\\carol\\FIAP\\Fase 4\\fase3\\Backend\\src\\routes\\validacaoRoutes.js": {"path":"C:\\Users\\carol\\FIAP\\Fase 4\\fase3\\Backend\\src\\routes\\validacaoRoutes.js","statementMap":{"0":{"start":{"line":4,"column":24},"end":{"line":4,"column":40}},"1":{"start":{"line":78,"column":0},"end":{"line":78,"column":72}},"2":{"start":{"line":124,"column":0},"end":{"line":124,"column":58}},"3":{"start":{"line":154,"column":0},"end":{"line":154,"column":69}}},"fnMap":{},"branchMap":{},"s":{"0":2,"1":2,"2":2,"3":2},"f":{},"b":{},"_coverageSchema":"1a1c01bbd47fc00a2c39e90264f33305004495a9","hash":"b58d427719e72d202ce44f23dbb498a5ac4bf12a"}
}
