{"C:\\Users\\carol\\FIAP\\fase3\\Backend\\swagger.js": {"path":"C:\\Users\\carol\\FIAP\\fase3\\Backend\\swagger.js","statementMap":{"0":{"start":{"line":5,"column":16},"end":{"line":29,"column":1}},"1":{"start":{"line":31,"column":20},"end":{"line":31,"column":41}},"2":{"start":{"line":34,"column":2},"end":{"line":34,"column":70}},"3":{"start":{"line":35,"column":2},"end":{"line":35,"column":73}}},"fnMap":{"0":{"name":"swaggerDocs","decl":{"start":{"line":33,"column":16},"end":{"line":33,"column":27}},"loc":{"start":{"line":33,"column":33},"end":{"line":36,"column":1}},"line":33}},"branchMap":{},"s":{"0":2,"1":2,"2":2,"3":2},"f":{"0":2},"b":{},"_coverageSchema":"1a1c01bbd47fc00a2c39e90264f33305004495a9","hash":"7b94760984e405a230ff2386a4a1b8b36e1dd3c0"}
,"C:\\Users\\carol\\FIAP\\fase3\\Backend\\src\\app.js": {"path":"C:\\Users\\carol\\FIAP\\fase3\\Backend\\src\\app.js","statementMap":{"0":{"start":{"line":8,"column":12},"end":{"line":8,"column":21}},"1":{"start":{"line":11,"column":0},"end":{"line":11,"column":16}},"2":{"start":{"line":14,"column":0},"end":{"line":14,"column":24}},"3":{"start":{"line":17,"column":0},"end":{"line":17,"column":65}},"4":{"start":{"line":17,"column":27},"end":{"line":17,"column":63}},"5":{"start":{"line":20,"column":0},"end":{"line":20,"column":17}},"6":{"start":{"line":23,"column":0},"end":{"line":23,"column":17}},"7":{"start":{"line":26,"column":0},"end":{"line":26,"column":18}},"8":{"start":{"line":29,"column":0},"end":{"line":29,"column":22}}},"fnMap":{"0":{"name":"(anonymous_0)","decl":{"start":{"line":17,"column":13},"end":{"line":17,"column":14}},"loc":{"start":{"line":17,"column":27},"end":{"line":17,"column":63}},"line":17}},"branchMap":{},"s":{"0":2,"1":2,"2":2,"3":2,"4":1,"5":2,"6":2,"7":2,"8":2},"f":{"0":1},"b":{},"_coverageSchema":"1a1c01bbd47fc00a2c39e90264f33305004495a9","hash":"c1f7299ddce03023a9840556e5c72dbaa1b8fe86"}
,"C:\\Users\\carol\\FIAP\\fase3\\Backend\\src\\config\\dbConnect.js": {"path":"C:\\Users\\carol\\FIAP\\fase3\\Backend\\src\\config\\dbConnect.js","statementMap":{"0":{"start":{"line":5,"column":18},"end":{"line":5,"column":23}},"1":{"start":{"line":8,"column":4},"end":{"line":8,"column":48}},"2":{"start":{"line":8,"column":21},"end":{"line":8,"column":48}},"3":{"start":{"line":10,"column":4},"end":{"line":36,"column":5}},"4":{"start":{"line":13,"column":8},"end":{"line":22,"column":9}},"5":{"start":{"line":14,"column":12},"end":{"line":16,"column":15}},"6":{"start":{"line":17,"column":12},"end":{"line":17,"column":44}},"7":{"start":{"line":18,"column":12},"end":{"line":18,"column":70}},"8":{"start":{"line":20,"column":12},"end":{"line":20,"column":45}},"9":{"start":{"line":21,"column":12},"end":{"line":21,"column":77}},"10":{"start":{"line":21,"column":27},"end":{"line":21,"column":77}},"11":{"start":{"line":24,"column":8},"end":{"line":27,"column":11}},"12":{"start":{"line":29,"column":8},"end":{"line":29,"column":27}},"13":{"start":{"line":30,"column":8},"end":{"line":30,"column":52}},"14":{"start":{"line":31,"column":8},"end":{"line":31,"column":35}},"15":{"start":{"line":33,"column":8},"end":{"line":33,"column":69}},"16":{"start":{"line":34,"column":8},"end":{"line":34,"column":61}},"17":{"start":{"line":34,"column":45},"end":{"line":34,"column":61}},"18":{"start":{"line":35,"column":8},"end":{"line":35,"column":20}},"19":{"start":{"line":40,"column":4},"end":{"line":44,"column":5}},"20":{"start":{"line":41,"column":8},"end":{"line":41,"column":49}},"21":{"start":{"line":42,"column":8},"end":{"line":42,"column":42}},"22":{"start":{"line":43,"column":8},"end":{"line":43,"column":28}},"23":{"start":{"line":45,"column":4},"end":{"line":45,"column":46}},"24":{"start":{"line":45,"column":21},"end":{"line":45,"column":46}}},"fnMap":{"0":{"name":"conectaNaDatabase","decl":{"start":{"line":7,"column":15},"end":{"line":7,"column":32}},"loc":{"start":{"line":7,"column":35},"end":{"line":37,"column":1}},"line":7},"1":{"name":"disconnectTestDB","decl":{"start":{"line":39,"column":15},"end":{"line":39,"column":31}},"loc":{"start":{"line":39,"column":34},"end":{"line":46,"column":1}},"line":39}},"branchMap":{"0":{"loc":{"start":{"line":8,"column":4},"end":{"line":8,"column":48}},"type":"if","locations":[{"start":{"line":8,"column":4},"end":{"line":8,"column":48}},{"start":{},"end":{}}],"line":8},"1":{"loc":{"start":{"line":13,"column":8},"end":{"line":22,"column":9}},"type":"if","locations":[{"start":{"line":13,"column":8},"end":{"line":22,"column":9}},{"start":{"line":19,"column":15},"end":{"line":22,"column":9}}],"line":13},"2":{"loc":{"start":{"line":21,"column":12},"end":{"line":21,"column":77}},"type":"if","locations":[{"start":{"line":21,"column":12},"end":{"line":21,"column":77}},{"start":{},"end":{}}],"line":21},"3":{"loc":{"start":{"line":34,"column":8},"end":{"line":34,"column":61}},"type":"if","locations":[{"start":{"line":34,"column":8},"end":{"line":34,"column":61}},{"start":{},"end":{}}],"line":34},"4":{"loc":{"start":{"line":40,"column":4},"end":{"line":44,"column":5}},"type":"if","locations":[{"start":{"line":40,"column":4},"end":{"line":44,"column":5}},{"start":{},"end":{}}],"line":40},"5":{"loc":{"start":{"line":45,"column":4},"end":{"line":45,"column":46}},"type":"if","locations":[{"start":{"line":45,"column":4},"end":{"line":45,"column":46}},{"start":{},"end":{}}],"line":45}},"s":{"0":1,"1":1,"2":0,"3":1,"4":1,"5":1,"6":1,"7":1,"8":0,"9":0,"10":0,"11":1,"12":1,"13":1,"14":1,"15":0,"16":0,"17":0,"18":0,"19":1,"20":1,"21":1,"22":1,"23":1,"24":1},"f":{"0":1,"1":1},"b":{"0":[0,1],"1":[1,0],"2":[0,0],"3":[0,0],"4":[1,0],"5":[1,0]},"_coverageSchema":"1a1c01bbd47fc00a2c39e90264f33305004495a9","hash":"555377b1a2da745264f7877c5a5fee07e15398ad"}
,"C:\\Users\\carol\\FIAP\\fase3\\Backend\\src\\controllers\\postController.js": {"path":"C:\\Users\\carol\\FIAP\\fase3\\Backend\\src\\controllers\\postController.js","statementMap":{"0":{"start":{"line":5,"column":27},"end":{"line":5,"column":30}},"1":{"start":{"line":9,"column":12},"end":{"line":9,"column":26}},"2":{"start":{"line":10,"column":14},"end":{"line":10,"column":50}},"3":{"start":{"line":11,"column":14},"end":{"line":11,"column":55}},"4":{"start":{"line":12,"column":14},"end":{"line":12,"column":29}},"5":{"start":{"line":13,"column":2},"end":{"line":13,"column":32}},"6":{"start":{"line":17,"column":2},"end":{"line":17,"column":27}},"7":{"start":{"line":17,"column":17},"end":{"line":17,"column":27}},"8":{"start":{"line":18,"column":2},"end":{"line":18,"column":61}},"9":{"start":{"line":18,"column":45},"end":{"line":18,"column":61}},"10":{"start":{"line":19,"column":2},"end":{"line":19,"column":59}},"11":{"start":{"line":23,"column":17},"end":{"line":23,"column":43}},"12":{"start":{"line":24,"column":2},"end":{"line":24,"column":59}},"13":{"start":{"line":24,"column":43},"end":{"line":24,"column":59}},"14":{"start":{"line":25,"column":2},"end":{"line":25,"column":49}},"15":{"start":{"line":25,"column":20},"end":{"line":25,"column":49}},"16":{"start":{"line":26,"column":2},"end":{"line":26,"column":16}},"17":{"start":{"line":30,"column":2},"end":{"line":30,"column":45}},"18":{"start":{"line":30,"column":32},"end":{"line":30,"column":45}},"19":{"start":{"line":31,"column":18},"end":{"line":31,"column":47}},"20":{"start":{"line":32,"column":18},"end":{"line":32,"column":47}},"21":{"start":{"line":33,"column":2},"end":{"line":33,"column":27}},"22":{"start":{"line":40,"column":4},"end":{"line":99,"column":5}},"23":{"start":{"line":42,"column":19},"end":{"line":42,"column":57}},"24":{"start":{"line":43,"column":20},"end":{"line":43,"column":64}},"25":{"start":{"line":44,"column":19},"end":{"line":44,"column":37}},"26":{"start":{"line":47,"column":19},"end":{"line":47,"column":21}},"27":{"start":{"line":48,"column":6},"end":{"line":50,"column":7}},"28":{"start":{"line":49,"column":8},"end":{"line":49,"column":46}},"29":{"start":{"line":52,"column":20},"end":{"line":52,"column":54}},"30":{"start":{"line":53,"column":20},"end":{"line":57,"column":21}},"31":{"start":{"line":61,"column":30},"end":{"line":88,"column":9}},"32":{"start":{"line":62,"column":27},"end":{"line":62,"column":72}},"33":{"start":{"line":63,"column":33},"end":{"line":63,"column":84}},"34":{"start":{"line":64,"column":8},"end":{"line":87,"column":10}},"35":{"start":{"line":74,"column":22},"end":{"line":74,"column":46}},"36":{"start":{"line":75,"column":22},"end":{"line":75,"column":62}},"37":{"start":{"line":76,"column":22},"end":{"line":76,"column":64}},"38":{"start":{"line":77,"column":12},"end":{"line":77,"column":31}},"39":{"start":{"line":81,"column":22},"end":{"line":81,"column":46}},"40":{"start":{"line":82,"column":22},"end":{"line":82,"column":62}},"41":{"start":{"line":83,"column":22},"end":{"line":83,"column":64}},"42":{"start":{"line":84,"column":12},"end":{"line":84,"column":31}},"43":{"start":{"line":90,"column":6},"end":{"line":96,"column":9}},"44":{"start":{"line":98,"column":6},"end":{"line":98,"column":53}},"45":{"start":{"line":104,"column":4},"end":{"line":123,"column":5}},"46":{"start":{"line":105,"column":21},"end":{"line":105,"column":31}},"47":{"start":{"line":106,"column":19},"end":{"line":106,"column":50}},"48":{"start":{"line":108,"column":6},"end":{"line":108,"column":81}},"49":{"start":{"line":108,"column":17},"end":{"line":108,"column":81}},"50":{"start":{"line":110,"column":25},"end":{"line":110,"column":70}},"51":{"start":{"line":112,"column":6},"end":{"line":120,"column":9}},"52":{"start":{"line":122,"column":6},"end":{"line":122,"column":53}},"53":{"start":{"line":128,"column":4},"end":{"line":170,"column":5}},"54":{"start":{"line":129,"column":63},"end":{"line":129,"column":71}},"55":{"start":{"line":131,"column":6},"end":{"line":133,"column":7}},"56":{"start":{"line":132,"column":8},"end":{"line":132,"column":109}},"57":{"start":{"line":136,"column":22},"end":{"line":136,"column":60}},"58":{"start":{"line":137,"column":6},"end":{"line":137,"column":87}},"59":{"start":{"line":137,"column":20},"end":{"line":137,"column":87}},"60":{"start":{"line":140,"column":22},"end":{"line":140,"column":26}},"61":{"start":{"line":141,"column":6},"end":{"line":144,"column":7}},"62":{"start":{"line":143,"column":8},"end":{"line":143,"column":93}},"63":{"start":{"line":146,"column":23},"end":{"line":153,"column":8}},"64":{"start":{"line":155,"column":6},"end":{"line":155,"column":28}},"65":{"start":{"line":157,"column":6},"end":{"line":167,"column":9}},"66":{"start":{"line":169,"column":6},"end":{"line":169,"column":53}},"67":{"start":{"line":175,"column":4},"end":{"line":206,"column":5}},"68":{"start":{"line":176,"column":21},"end":{"line":176,"column":31}},"69":{"start":{"line":177,"column":63},"end":{"line":177,"column":71}},"70":{"start":{"line":179,"column":19},"end":{"line":179,"column":43}},"71":{"start":{"line":180,"column":6},"end":{"line":180,"column":81}},"72":{"start":{"line":180,"column":17},"end":{"line":180,"column":81}},"73":{"start":{"line":182,"column":6},"end":{"line":184,"column":7}},"74":{"start":{"line":183,"column":8},"end":{"line":183,"column":89}},"75":{"start":{"line":186,"column":6},"end":{"line":186,"column":39}},"76":{"start":{"line":186,"column":18},"end":{"line":186,"column":39}},"77":{"start":{"line":187,"column":6},"end":{"line":187,"column":45}},"78":{"start":{"line":187,"column":20},"end":{"line":187,"column":45}},"79":{"start":{"line":188,"column":6},"end":{"line":188,"column":75}},"80":{"start":{"line":188,"column":30},"end":{"line":188,"column":75}},"81":{"start":{"line":189,"column":6},"end":{"line":189,"column":39}},"82":{"start":{"line":189,"column":18},"end":{"line":189,"column":39}},"83":{"start":{"line":190,"column":6},"end":{"line":192,"column":7}},"84":{"start":{"line":191,"column":8},"end":{"line":191,"column":95}},"85":{"start":{"line":194,"column":6},"end":{"line":194,"column":24}},"86":{"start":{"line":196,"column":6},"end":{"line":203,"column":9}},"87":{"start":{"line":205,"column":6},"end":{"line":205,"column":53}},"88":{"start":{"line":211,"column":4},"end":{"line":222,"column":5}},"89":{"start":{"line":212,"column":21},"end":{"line":212,"column":31}},"90":{"start":{"line":213,"column":19},"end":{"line":213,"column":43}},"91":{"start":{"line":214,"column":6},"end":{"line":216,"column":7}},"92":{"start":{"line":215,"column":8},"end":{"line":215,"column":72}},"93":{"start":{"line":218,"column":6},"end":{"line":218,"column":29}},"94":{"start":{"line":219,"column":6},"end":{"line":219,"column":82}},"95":{"start":{"line":221,"column":6},"end":{"line":221,"column":60}},"96":{"start":{"line":227,"column":4},"end":{"line":252,"column":5}},"97":{"start":{"line":228,"column":20},"end":{"line":228,"column":29}},"98":{"start":{"line":229,"column":6},"end":{"line":229,"column":91}},"99":{"start":{"line":229,"column":14},"end":{"line":229,"column":91}},"100":{"start":{"line":231,"column":20},"end":{"line":231,"column":38}},"101":{"start":{"line":233,"column":20},"end":{"line":239,"column":15}},"102":{"start":{"line":241,"column":24},"end":{"line":247,"column":9}},"103":{"start":{"line":241,"column":43},"end":{"line":247,"column":7}},"104":{"start":{"line":249,"column":6},"end":{"line":249,"column":26}},"105":{"start":{"line":251,"column":6},"end":{"line":251,"column":53}}},"fnMap":{"0":{"name":"formatarData","decl":{"start":{"line":8,"column":9},"end":{"line":8,"column":21}},"loc":{"start":{"line":8,"column":28},"end":{"line":14,"column":1}},"line":8},"1":{"name":"criarResumo","decl":{"start":{"line":16,"column":9},"end":{"line":16,"column":20}},"loc":{"start":{"line":16,"column":31},"end":{"line":20,"column":1}},"line":16},"2":{"name":"parseNumeroPositivo","decl":{"start":{"line":22,"column":9},"end":{"line":22,"column":28}},"loc":{"start":{"line":22,"column":58},"end":{"line":27,"column":1}},"line":22},"3":{"name":"foiAtualizado","decl":{"start":{"line":29,"column":9},"end":{"line":29,"column":22}},"loc":{"start":{"line":29,"column":45},"end":{"line":34,"column":1}},"line":29},"4":{"name":"(anonymous_4)","decl":{"start":{"line":39,"column":2},"end":{"line":39,"column":3}},"loc":{"start":{"line":39,"column":37},"end":{"line":100,"column":3}},"line":39},"5":{"name":"(anonymous_5)","decl":{"start":{"line":61,"column":58},"end":{"line":61,"column":59}},"loc":{"start":{"line":61,"column":72},"end":{"line":88,"column":7}},"line":61},"6":{"name":"(anonymous_6)","decl":{"start":{"line":73,"column":42},"end":{"line":73,"column":43}},"loc":{"start":{"line":73,"column":48},"end":{"line":78,"column":11}},"line":73},"7":{"name":"(anonymous_7)","decl":{"start":{"line":80,"column":42},"end":{"line":80,"column":43}},"loc":{"start":{"line":80,"column":48},"end":{"line":85,"column":11}},"line":80},"8":{"name":"(anonymous_8)","decl":{"start":{"line":103,"column":2},"end":{"line":103,"column":3}},"loc":{"start":{"line":103,"column":33},"end":{"line":124,"column":3}},"line":103},"9":{"name":"(anonymous_9)","decl":{"start":{"line":127,"column":2},"end":{"line":127,"column":3}},"loc":{"start":{"line":127,"column":35},"end":{"line":171,"column":3}},"line":127},"10":{"name":"(anonymous_10)","decl":{"start":{"line":174,"column":2},"end":{"line":174,"column":3}},"loc":{"start":{"line":174,"column":36},"end":{"line":207,"column":3}},"line":174},"11":{"name":"(anonymous_11)","decl":{"start":{"line":210,"column":2},"end":{"line":210,"column":3}},"loc":{"start":{"line":210,"column":37},"end":{"line":223,"column":3}},"line":210},"12":{"name":"(anonymous_12)","decl":{"start":{"line":226,"column":2},"end":{"line":226,"column":3}},"loc":{"start":{"line":226,"column":37},"end":{"line":253,"column":3}},"line":226},"13":{"name":"(anonymous_13)","decl":{"start":{"line":241,"column":34},"end":{"line":241,"column":35}},"loc":{"start":{"line":241,"column":43},"end":{"line":247,"column":7}},"line":241}},"branchMap":{"0":{"loc":{"start":{"line":17,"column":2},"end":{"line":17,"column":27}},"type":"if","locations":[{"start":{"line":17,"column":2},"end":{"line":17,"column":27}},{"start":{},"end":{}}],"line":17},"1":{"loc":{"start":{"line":18,"column":2},"end":{"line":18,"column":61}},"type":"if","locations":[{"start":{"line":18,"column":2},"end":{"line":18,"column":61}},{"start":{},"end":{}}],"line":18},"2":{"loc":{"start":{"line":22,"column":46},"end":{"line":22,"column":56}},"type":"default-arg","locations":[{"start":{"line":22,"column":52},"end":{"line":22,"column":56}}],"line":22},"3":{"loc":{"start":{"line":24,"column":2},"end":{"line":24,"column":59}},"type":"if","locations":[{"start":{"line":24,"column":2},"end":{"line":24,"column":59}},{"start":{},"end":{}}],"line":24},"4":{"loc":{"start":{"line":24,"column":6},"end":{"line":24,"column":41}},"type":"binary-expr","locations":[{"start":{"line":24,"column":6},"end":{"line":24,"column":26}},{"start":{"line":24,"column":30},"end":{"line":24,"column":41}}],"line":24},"5":{"loc":{"start":{"line":25,"column":2},"end":{"line":25,"column":49}},"type":"if","locations":[{"start":{"line":25,"column":2},"end":{"line":25,"column":49}},{"start":{},"end":{}}],"line":25},"6":{"loc":{"start":{"line":30,"column":2},"end":{"line":30,"column":45}},"type":"if","locations":[{"start":{"line":30,"column":2},"end":{"line":30,"column":45}},{"start":{},"end":{}}],"line":30},"7":{"loc":{"start":{"line":30,"column":6},"end":{"line":30,"column":30}},"type":"binary-expr","locations":[{"start":{"line":30,"column":6},"end":{"line":30,"column":16}},{"start":{"line":30,"column":20},"end":{"line":30,"column":30}}],"line":30},"8":{"loc":{"start":{"line":48,"column":6},"end":{"line":50,"column":7}},"type":"if","locations":[{"start":{"line":48,"column":6},"end":{"line":50,"column":7}},{"start":{},"end":{}}],"line":48},"9":{"loc":{"start":{"line":70,"column":18},"end":{"line":70,"column":44}},"type":"binary-expr","locations":[{"start":{"line":70,"column":18},"end":{"line":70,"column":29}},{"start":{"line":70,"column":33},"end":{"line":70,"column":44}}],"line":70},"10":{"loc":{"start":{"line":72,"column":20},"end":{"line":72,"column":101}},"type":"cond-expr","locations":[{"start":{"line":72,"column":37},"end":{"line":72,"column":89}},{"start":{"line":72,"column":92},"end":{"line":72,"column":101}}],"line":72},"11":{"loc":{"start":{"line":73,"column":24},"end":{"line":78,"column":26}},"type":"cond-expr","locations":[{"start":{"line":73,"column":41},"end":{"line":78,"column":14}},{"start":{"line":78,"column":17},"end":{"line":78,"column":26}}],"line":73},"12":{"loc":{"start":{"line":79,"column":24},"end":{"line":79,"column":101}},"type":"cond-expr","locations":[{"start":{"line":79,"column":37},"end":{"line":79,"column":89}},{"start":{"line":79,"column":92},"end":{"line":79,"column":101}}],"line":79},"13":{"loc":{"start":{"line":80,"column":28},"end":{"line":85,"column":26}},"type":"cond-expr","locations":[{"start":{"line":80,"column":41},"end":{"line":85,"column":14}},{"start":{"line":85,"column":17},"end":{"line":85,"column":26}}],"line":80},"14":{"loc":{"start":{"line":108,"column":6},"end":{"line":108,"column":81}},"type":"if","locations":[{"start":{"line":108,"column":6},"end":{"line":108,"column":81}},{"start":{},"end":{}}],"line":108},"15":{"loc":{"start":{"line":117,"column":16},"end":{"line":117,"column":42}},"type":"binary-expr","locations":[{"start":{"line":117,"column":16},"end":{"line":117,"column":27}},{"start":{"line":117,"column":31},"end":{"line":117,"column":42}}],"line":117},"16":{"loc":{"start":{"line":119,"column":22},"end":{"line":119,"column":75}},"type":"cond-expr","locations":[{"start":{"line":119,"column":35},"end":{"line":119,"column":63}},{"start":{"line":119,"column":66},"end":{"line":119,"column":75}}],"line":119},"17":{"loc":{"start":{"line":131,"column":6},"end":{"line":133,"column":7}},"type":"if","locations":[{"start":{"line":131,"column":6},"end":{"line":133,"column":7}},{"start":{},"end":{}}],"line":131},"18":{"loc":{"start":{"line":131,"column":10},"end":{"line":131,"column":53}},"type":"binary-expr","locations":[{"start":{"line":131,"column":10},"end":{"line":131,"column":17}},{"start":{"line":131,"column":21},"end":{"line":131,"column":30}},{"start":{"line":131,"column":34},"end":{"line":131,"column":53}}],"line":131},"19":{"loc":{"start":{"line":137,"column":6},"end":{"line":137,"column":87}},"type":"if","locations":[{"start":{"line":137,"column":6},"end":{"line":137,"column":87}},{"start":{},"end":{}}],"line":137},"20":{"loc":{"start":{"line":141,"column":6},"end":{"line":144,"column":7}},"type":"if","locations":[{"start":{"line":141,"column":6},"end":{"line":144,"column":7}},{"start":{},"end":{}}],"line":141},"21":{"loc":{"start":{"line":150,"column":16},"end":{"line":150,"column":37}},"type":"binary-expr","locations":[{"start":{"line":150,"column":16},"end":{"line":150,"column":22}},{"start":{"line":150,"column":26},"end":{"line":150,"column":37}}],"line":150},"22":{"loc":{"start":{"line":166,"column":22},"end":{"line":166,"column":122}},"type":"cond-expr","locations":[{"start":{"line":166,"column":78},"end":{"line":166,"column":110}},{"start":{"line":166,"column":113},"end":{"line":166,"column":122}}],"line":166},"23":{"loc":{"start":{"line":180,"column":6},"end":{"line":180,"column":81}},"type":"if","locations":[{"start":{"line":180,"column":6},"end":{"line":180,"column":81}},{"start":{},"end":{}}],"line":180},"24":{"loc":{"start":{"line":182,"column":6},"end":{"line":184,"column":7}},"type":"if","locations":[{"start":{"line":182,"column":6},"end":{"line":184,"column":7}},{"start":{},"end":{}}],"line":182},"25":{"loc":{"start":{"line":182,"column":10},"end":{"line":182,"column":77}},"type":"binary-expr","locations":[{"start":{"line":182,"column":10},"end":{"line":182,"column":17}},{"start":{"line":182,"column":21},"end":{"line":182,"column":30}},{"start":{"line":182,"column":34},"end":{"line":182,"column":53}},{"start":{"line":182,"column":57},"end":{"line":182,"column":64}},{"start":{"line":182,"column":68},"end":{"line":182,"column":77}}],"line":182},"26":{"loc":{"start":{"line":186,"column":6},"end":{"line":186,"column":39}},"type":"if","locations":[{"start":{"line":186,"column":6},"end":{"line":186,"column":39}},{"start":{},"end":{}}],"line":186},"27":{"loc":{"start":{"line":187,"column":6},"end":{"line":187,"column":45}},"type":"if","locations":[{"start":{"line":187,"column":6},"end":{"line":187,"column":45}},{"start":{},"end":{}}],"line":187},"28":{"loc":{"start":{"line":188,"column":6},"end":{"line":188,"column":75}},"type":"if","locations":[{"start":{"line":188,"column":6},"end":{"line":188,"column":75}},{"start":{},"end":{}}],"line":188},"29":{"loc":{"start":{"line":189,"column":6},"end":{"line":189,"column":39}},"type":"if","locations":[{"start":{"line":189,"column":6},"end":{"line":189,"column":39}},{"start":{},"end":{}}],"line":189},"30":{"loc":{"start":{"line":190,"column":6},"end":{"line":192,"column":7}},"type":"if","locations":[{"start":{"line":190,"column":6},"end":{"line":192,"column":7}},{"start":{},"end":{}}],"line":190},"31":{"loc":{"start":{"line":214,"column":6},"end":{"line":216,"column":7}},"type":"if","locations":[{"start":{"line":214,"column":6},"end":{"line":216,"column":7}},{"start":{},"end":{}}],"line":214},"32":{"loc":{"start":{"line":229,"column":6},"end":{"line":229,"column":91}},"type":"if","locations":[{"start":{"line":229,"column":6},"end":{"line":229,"column":91}},{"start":{},"end":{}}],"line":229}},"s":{"0":2,"1":2,"2":2,"3":2,"4":2,"5":2,"6":2,"7":0,"8":2,"9":2,"10":0,"11":2,"12":2,"13":2,"14":0,"15":0,"16":0,"17":2,"18":0,"19":2,"20":2,"21":2,"22":1,"23":1,"24":1,"25":1,"26":1,"27":1,"28":0,"29":1,"30":1,"31":1,"32":1,"33":1,"34":1,"35":1,"36":1,"37":1,"38":1,"39":0,"40":0,"41":0,"42":0,"43":1,"44":0,"45":2,"46":2,"47":2,"48":2,"49":1,"50":1,"51":1,"52":0,"53":0,"54":0,"55":0,"56":0,"57":0,"58":0,"59":0,"60":0,"61":0,"62":0,"63":0,"64":0,"65":0,"66":0,"67":0,"68":0,"69":0,"70":0,"71":0,"72":0,"73":0,"74":0,"75":0,"76":0,"77":0,"78":0,"79":0,"80":0,"81":0,"82":0,"83":0,"84":0,"85":0,"86":0,"87":0,"88":0,"89":0,"90":0,"91":0,"92":0,"93":0,"94":0,"95":0,"96":2,"97":2,"98":2,"99":1,"100":1,"101":1,"102":1,"103":1,"104":1,"105":0},"f":{"0":2,"1":2,"2":2,"3":2,"4":1,"5":1,"6":1,"7":0,"8":2,"9":0,"10":0,"11":0,"12":2,"13":1},"b":{"0":[0,2],"1":[2,0],"2":[1],"3":[2,0],"4":[2,0],"5":[0,0],"6":[0,2],"7":[2,2],"8":[0,1],"9":[1,0],"10":[1,0],"11":[1,0],"12":[0,1],"13":[0,1],"14":[1,1],"15":[1,0],"16":[0,1],"17":[0,0],"18":[0,0,0],"19":[0,0],"20":[0,0],"21":[0,0],"22":[0,0],"23":[0,0],"24":[0,0],"25":[0,0,0,0,0],"26":[0,0],"27":[0,0],"28":[0,0],"29":[0,0],"30":[0,0],"31":[0,0],"32":[1,1]},"_coverageSchema":"1a1c01bbd47fc00a2c39e90264f33305004495a9","hash":"25efa0cb18c585871084aab343188e3c02b19e6c"}
,"C:\\Users\\carol\\FIAP\\fase3\\Backend\\src\\controllers\\validacaoController.js": {"path":"C:\\Users\\carol\\FIAP\\fase3\\Backend\\src\\controllers\\validacaoController.js","statementMap":{"0":{"start":{"line":5,"column":20},"end":{"line":5,"column":48}},"1":{"start":{"line":6,"column":28},"end":{"line":6,"column":29}},"2":{"start":{"line":11,"column":8},"end":{"line":41,"column":9}},"3":{"start":{"line":12,"column":49},"end":{"line":12,"column":57}},"4":{"start":{"line":13,"column":12},"end":{"line":15,"column":13}},"5":{"start":{"line":14,"column":16},"end":{"line":14,"column":97}},"6":{"start":{"line":16,"column":12},"end":{"line":18,"column":13}},"7":{"start":{"line":17,"column":16},"end":{"line":17,"column":75}},"8":{"start":{"line":19,"column":12},"end":{"line":21,"column":13}},"9":{"start":{"line":20,"column":16},"end":{"line":20,"column":122}},"10":{"start":{"line":23,"column":32},"end":{"line":23,"column":60}},"11":{"start":{"line":24,"column":32},"end":{"line":24,"column":95}},"12":{"start":{"line":26,"column":12},"end":{"line":34,"column":15}},"13":{"start":{"line":37,"column":12},"end":{"line":39,"column":13}},"14":{"start":{"line":38,"column":16},"end":{"line":38,"column":80}},"15":{"start":{"line":40,"column":12},"end":{"line":40,"column":100}},"16":{"start":{"line":45,"column":8},"end":{"line":87,"column":9}},"17":{"start":{"line":46,"column":37},"end":{"line":46,"column":45}},"18":{"start":{"line":49,"column":12},"end":{"line":49,"column":109}},"19":{"start":{"line":49,"column":34},"end":{"line":49,"column":109}},"20":{"start":{"line":51,"column":38},"end":{"line":51,"column":70}},"21":{"start":{"line":52,"column":12},"end":{"line":52,"column":103}},"22":{"start":{"line":52,"column":36},"end":{"line":52,"column":103}},"23":{"start":{"line":54,"column":33},"end":{"line":54,"column":85}},"24":{"start":{"line":55,"column":12},"end":{"line":55,"column":90}},"25":{"start":{"line":55,"column":31},"end":{"line":55,"column":90}},"26":{"start":{"line":57,"column":30},"end":{"line":57,"column":52}},"27":{"start":{"line":58,"column":12},"end":{"line":60,"column":13}},"28":{"start":{"line":59,"column":16},"end":{"line":59,"column":87}},"29":{"start":{"line":63,"column":26},"end":{"line":72,"column":13}},"30":{"start":{"line":75,"column":12},"end":{"line":83,"column":15}},"31":{"start":{"line":86,"column":12},"end":{"line":86,"column":66}}},"fnMap":{"0":{"name":"(anonymous_0)","decl":{"start":{"line":10,"column":4},"end":{"line":10,"column":5}},"loc":{"start":{"line":10,"column":44},"end":{"line":42,"column":5}},"line":10},"1":{"name":"(anonymous_1)","decl":{"start":{"line":44,"column":4},"end":{"line":44,"column":5}},"loc":{"start":{"line":44,"column":33},"end":{"line":88,"column":5}},"line":44}},"branchMap":{"0":{"loc":{"start":{"line":13,"column":12},"end":{"line":15,"column":13}},"type":"if","locations":[{"start":{"line":13,"column":12},"end":{"line":15,"column":13}},{"start":{},"end":{}}],"line":13},"1":{"loc":{"start":{"line":13,"column":16},"end":{"line":13,"column":41}},"type":"binary-expr","locations":[{"start":{"line":13,"column":16},"end":{"line":13,"column":21}},{"start":{"line":13,"column":25},"end":{"line":13,"column":31}},{"start":{"line":13,"column":35},"end":{"line":13,"column":41}}],"line":13},"2":{"loc":{"start":{"line":16,"column":12},"end":{"line":18,"column":13}},"type":"if","locations":[{"start":{"line":16,"column":12},"end":{"line":18,"column":13}},{"start":{},"end":{}}],"line":16},"3":{"loc":{"start":{"line":19,"column":12},"end":{"line":21,"column":13}},"type":"if","locations":[{"start":{"line":19,"column":12},"end":{"line":21,"column":13}},{"start":{},"end":{}}],"line":19},"4":{"loc":{"start":{"line":37,"column":12},"end":{"line":39,"column":13}},"type":"if","locations":[{"start":{"line":37,"column":12},"end":{"line":39,"column":13}},{"start":{},"end":{}}],"line":37},"5":{"loc":{"start":{"line":49,"column":12},"end":{"line":49,"column":109}},"type":"if","locations":[{"start":{"line":49,"column":12},"end":{"line":49,"column":109}},{"start":{},"end":{}}],"line":49},"6":{"loc":{"start":{"line":49,"column":16},"end":{"line":49,"column":32}},"type":"binary-expr","locations":[{"start":{"line":49,"column":16},"end":{"line":49,"column":22}},{"start":{"line":49,"column":26},"end":{"line":49,"column":32}}],"line":49},"7":{"loc":{"start":{"line":52,"column":12},"end":{"line":52,"column":103}},"type":"if","locations":[{"start":{"line":52,"column":12},"end":{"line":52,"column":103}},{"start":{},"end":{}}],"line":52},"8":{"loc":{"start":{"line":55,"column":12},"end":{"line":55,"column":90}},"type":"if","locations":[{"start":{"line":55,"column":12},"end":{"line":55,"column":90}},{"start":{},"end":{}}],"line":55},"9":{"loc":{"start":{"line":58,"column":12},"end":{"line":60,"column":13}},"type":"if","locations":[{"start":{"line":58,"column":12},"end":{"line":60,"column":13}},{"start":{},"end":{}}],"line":58}},"s":{"0":3,"1":3,"2":2,"3":2,"4":2,"5":1,"6":1,"7":0,"8":1,"9":1,"10":0,"11":0,"12":0,"13":0,"14":0,"15":0,"16":5,"17":5,"18":5,"19":1,"20":4,"21":3,"22":1,"23":2,"24":2,"25":1,"26":1,"27":1,"28":1,"29":0,"30":0,"31":1},"f":{"0":2,"1":5},"b":{"0":[1,1],"1":[2,2,1],"2":[0,1],"3":[1,0],"4":[0,0],"5":[1,4],"6":[5,4],"7":[1,2],"8":[1,1],"9":[1,0]},"_coverageSchema":"1a1c01bbd47fc00a2c39e90264f33305004495a9","hash":"53578b07997571e26f51c23e79fa43d2286cbdf6"}
,"C:\\Users\\carol\\FIAP\\fase3\\Backend\\src\\middleware\\errorHandler.js": {"path":"C:\\Users\\carol\\FIAP\\fase3\\Backend\\src\\middleware\\errorHandler.js","statementMap":{"0":{"start":{"line":2,"column":2},"end":{"line":2,"column":40}},"1":{"start":{"line":4,"column":2},"end":{"line":6,"column":3}},"2":{"start":{"line":5,"column":4},"end":{"line":5,"column":60}},"3":{"start":{"line":8,"column":2},"end":{"line":10,"column":3}},"4":{"start":{"line":9,"column":4},"end":{"line":9,"column":85}},"5":{"start":{"line":12,"column":2},"end":{"line":14,"column":5}}},"fnMap":{"0":{"name":"errorHandler","decl":{"start":{"line":1,"column":9},"end":{"line":1,"column":21}},"loc":{"start":{"line":1,"column":43},"end":{"line":15,"column":1}},"line":1}},"branchMap":{"0":{"loc":{"start":{"line":4,"column":2},"end":{"line":6,"column":3}},"type":"if","locations":[{"start":{"line":4,"column":2},"end":{"line":6,"column":3}},{"start":{},"end":{}}],"line":4},"1":{"loc":{"start":{"line":8,"column":2},"end":{"line":10,"column":3}},"type":"if","locations":[{"start":{"line":8,"column":2},"end":{"line":10,"column":3}},{"start":{},"end":{}}],"line":8},"2":{"loc":{"start":{"line":12,"column":13},"end":{"line":12,"column":30}},"type":"binary-expr","locations":[{"start":{"line":12,"column":13},"end":{"line":12,"column":23}},{"start":{"line":12,"column":27},"end":{"line":12,"column":30}}],"line":12},"3":{"loc":{"start":{"line":13,"column":13},"end":{"line":13,"column":54}},"type":"binary-expr","locations":[{"start":{"line":13,"column":13},"end":{"line":13,"column":24}},{"start":{"line":13,"column":28},"end":{"line":13,"column":54}}],"line":13}},"s":{"0":0,"1":0,"2":0,"3":0,"4":0,"5":0},"f":{"0":0},"b":{"0":[0,0],"1":[0,0],"2":[0,0],"3":[0,0]},"_coverageSchema":"1a1c01bbd47fc00a2c39e90264f33305004495a9","hash":"7e335071b41bfd91b13f22c953a278da3cf62c78"}
,"C:\\Users\\carol\\FIAP\\fase3\\Backend\\src\\middleware\\notFound.js": {"path":"C:\\Users\\carol\\FIAP\\fase3\\Backend\\src\\middleware\\notFound.js","statementMap":{"0":{"start":{"line":2,"column":2},"end":{"line":2,"column":61}}},"fnMap":{"0":{"name":"notFound","decl":{"start":{"line":1,"column":9},"end":{"line":1,"column":17}},"loc":{"start":{"line":1,"column":34},"end":{"line":3,"column":1}},"line":1}},"branchMap":{},"s":{"0":0},"f":{"0":0},"b":{},"_coverageSchema":"1a1c01bbd47fc00a2c39e90264f33305004495a9","hash":"f8f118aaea56a6ab251657b86933b2b23d53340d"}
,"C:\\Users\\carol\\FIAP\\fase3\\Backend\\src\\middleware\\uploadImagem.js": {"path":"C:\\Users\\carol\\FIAP\\fase3\\Backend\\src\\middleware\\uploadImagem.js","statementMap":{"0":{"start":{"line":4,"column":16},"end":{"line":4,"column":38}},"1":{"start":{"line":5,"column":15},"end":{"line":5,"column":34}}},"fnMap":{},"branchMap":{},"s":{"0":2,"1":2},"f":{},"b":{},"_coverageSchema":"1a1c01bbd47fc00a2c39e90264f33305004495a9","hash":"19ea453f255adc4d368675bdbb7cdbd4d13378a9"}
,"C:\\Users\\carol\\FIAP\\fase3\\Backend\\src\\middleware\\validarProfessor.js": {"path":"C:\\Users\\carol\\FIAP\\fase3\\Backend\\src\\middleware\\validarProfessor.js","statementMap":{"0":{"start":{"line":7,"column":2},"end":{"line":28,"column":3}},"1":{"start":{"line":8,"column":23},"end":{"line":8,"column":48}},"2":{"start":{"line":9,"column":4},"end":{"line":11,"column":5}},"3":{"start":{"line":10,"column":6},"end":{"line":10,"column":70}},"4":{"start":{"line":12,"column":18},"end":{"line":12,"column":42}},"5":{"start":{"line":14,"column":4},"end":{"line":18,"column":5}},"6":{"start":{"line":15,"column":6},"end":{"line":15,"column":85}},"7":{"start":{"line":17,"column":6},"end":{"line":17,"column":65}},"8":{"start":{"line":20,"column":4},"end":{"line":22,"column":5}},"9":{"start":{"line":21,"column":6},"end":{"line":21,"column":80}},"10":{"start":{"line":24,"column":4},"end":{"line":24,"column":26}},"11":{"start":{"line":25,"column":4},"end":{"line":25,"column":11}},"12":{"start":{"line":27,"column":4},"end":{"line":27,"column":58}}},"fnMap":{"0":{"name":"validarProfessor","decl":{"start":{"line":6,"column":15},"end":{"line":6,"column":31}},"loc":{"start":{"line":6,"column":48},"end":{"line":29,"column":1}},"line":6}},"branchMap":{"0":{"loc":{"start":{"line":9,"column":4},"end":{"line":11,"column":5}},"type":"if","locations":[{"start":{"line":9,"column":4},"end":{"line":11,"column":5}},{"start":{},"end":{}}],"line":9},"1":{"loc":{"start":{"line":9,"column":8},"end":{"line":9,"column":56}},"type":"binary-expr","locations":[{"start":{"line":9,"column":8},"end":{"line":9,"column":19}},{"start":{"line":9,"column":23},"end":{"line":9,"column":56}}],"line":9},"2":{"loc":{"start":{"line":15,"column":34},"end":{"line":15,"column":83}},"type":"binary-expr","locations":[{"start":{"line":15,"column":34},"end":{"line":15,"column":56}},{"start":{"line":15,"column":60},"end":{"line":15,"column":83}}],"line":15},"3":{"loc":{"start":{"line":20,"column":4},"end":{"line":22,"column":5}},"type":"if","locations":[{"start":{"line":20,"column":4},"end":{"line":22,"column":5}},{"start":{},"end":{}}],"line":20}},"s":{"0":7,"1":7,"2":7,"3":7,"4":0,"5":0,"6":0,"7":0,"8":0,"9":0,"10":0,"11":0,"12":0},"f":{"0":7},"b":{"0":[7,0],"1":[7,0],"2":[0,0],"3":[0,0]},"_coverageSchema":"1a1c01bbd47fc00a2c39e90264f33305004495a9","hash":"f948c614e9486515f76323f7265202cce1056655"}
,"C:\\Users\\carol\\FIAP\\fase3\\Backend\\src\\models\\Comentario.js": {"path":"C:\\Users\\carol\\FIAP\\fase3\\Backend\\src\\models\\Comentario.js","statementMap":{"0":{"start":{"line":3,"column":25},"end":{"line":11,"column":2}},"1":{"start":{"line":13,"column":19},"end":{"line":13,"column":65}}},"fnMap":{},"branchMap":{},"s":{"0":2,"1":2},"f":{},"b":{},"_coverageSchema":"1a1c01bbd47fc00a2c39e90264f33305004495a9","hash":"459c5f71aa2ba5afa6fd9192b1928c28844e1eaa"}
,"C:\\Users\\carol\\FIAP\\fase3\\Backend\\src\\models\\Post.js": {"path":"C:\\Users\\carol\\FIAP\\fase3\\Backend\\src\\models\\Post.js","statementMap":{"0":{"start":{"line":3,"column":19},"end":{"line":28,"column":2}},"1":{"start":{"line":30,"column":0},"end":{"line":35,"column":3}},"2":{"start":{"line":32,"column":4},"end":{"line":32,"column":107}},"3":{"start":{"line":32,"column":23},"end":{"line":32,"column":107}},"4":{"start":{"line":33,"column":4},"end":{"line":33,"column":111}},"5":{"start":{"line":33,"column":23},"end":{"line":33,"column":111}},"6":{"start":{"line":37,"column":14},"end":{"line":37,"column":49}}},"fnMap":{"0":{"name":"(anonymous_0)","decl":{"start":{"line":31,"column":13},"end":{"line":31,"column":14}},"loc":{"start":{"line":31,"column":27},"end":{"line":34,"column":3}},"line":31}},"branchMap":{"0":{"loc":{"start":{"line":32,"column":4},"end":{"line":32,"column":107}},"type":"if","locations":[{"start":{"line":32,"column":4},"end":{"line":32,"column":107}},{"start":{},"end":{}}],"line":32},"1":{"loc":{"start":{"line":33,"column":4},"end":{"line":33,"column":111}},"type":"if","locations":[{"start":{"line":33,"column":4},"end":{"line":33,"column":111}},{"start":{},"end":{}}],"line":33}},"s":{"0":2,"1":2,"2":1,"3":1,"4":1,"5":1,"6":2},"f":{"0":1},"b":{"0":[1,0],"1":[1,0]},"_coverageSchema":"1a1c01bbd47fc00a2c39e90264f33305004495a9","hash":"693ff6fd7f93f2a4982640eeed94c682e5874bdb"}
,"C:\\Users\\carol\\FIAP\\fase3\\Backend\\src\\models\\Usuario.js": {"path":"C:\\Users\\carol\\FIAP\\fase3\\Backend\\src\\models\\Usuario.js","statementMap":{"0":{"start":{"line":3,"column":22},"end":{"line":8,"column":2}},"1":{"start":{"line":10,"column":16},"end":{"line":10,"column":58}}},"fnMap":{},"branchMap":{},"s":{"0":3,"1":3},"f":{},"b":{},"_coverageSchema":"1a1c01bbd47fc00a2c39e90264f33305004495a9","hash":"e9f523bb974857254fb3a953d884033dd88c4e55"}
,"C:\\Users\\carol\\FIAP\\fase3\\Backend\\src\\routes\\comentariosRoutes.js": {"path":"C:\\Users\\carol\\FIAP\\fase3\\Backend\\src\\routes\\comentariosRoutes.js","statementMap":{"0":{"start":{"line":6,"column":26},"end":{"line":6,"column":42}},"1":{"start":{"line":9,"column":0},"end":{"line":22,"column":3}},"2":{"start":{"line":10,"column":4},"end":{"line":21,"column":5}},"3":{"start":{"line":11,"column":27},"end":{"line":11,"column":37}},"4":{"start":{"line":12,"column":33},"end":{"line":12,"column":41}},"5":{"start":{"line":13,"column":8},"end":{"line":13,"column":101}},"6":{"start":{"line":13,"column":30},"end":{"line":13,"column":101}},"7":{"start":{"line":14,"column":21},"end":{"line":14,"column":49}},"8":{"start":{"line":15,"column":8},"end":{"line":15,"column":83}},"9":{"start":{"line":15,"column":19},"end":{"line":15,"column":83}},"10":{"start":{"line":16,"column":27},"end":{"line":16,"column":73}},"11":{"start":{"line":17,"column":8},"end":{"line":17,"column":32}},"12":{"start":{"line":18,"column":8},"end":{"line":18,"column":41}},"13":{"start":{"line":20,"column":8},"end":{"line":20,"column":55}},"14":{"start":{"line":25,"column":0},"end":{"line":33,"column":3}},"15":{"start":{"line":26,"column":4},"end":{"line":32,"column":5}},"16":{"start":{"line":27,"column":27},"end":{"line":27,"column":37}},"17":{"start":{"line":28,"column":28},"end":{"line":28,"column":90}},"18":{"start":{"line":29,"column":8},"end":{"line":29,"column":30}},"19":{"start":{"line":31,"column":8},"end":{"line":31,"column":55}},"20":{"start":{"line":36,"column":0},"end":{"line":46,"column":3}},"21":{"start":{"line":37,"column":4},"end":{"line":45,"column":5}},"22":{"start":{"line":38,"column":33},"end":{"line":38,"column":43}},"23":{"start":{"line":39,"column":27},"end":{"line":39,"column":66}},"24":{"start":{"line":40,"column":8},"end":{"line":40,"column":95}},"25":{"start":{"line":40,"column":25},"end":{"line":40,"column":95}},"26":{"start":{"line":41,"column":8},"end":{"line":41,"column":37}},"27":{"start":{"line":42,"column":8},"end":{"line":42,"column":53}},"28":{"start":{"line":44,"column":8},"end":{"line":44,"column":55}}},"fnMap":{"0":{"name":"(anonymous_0)","decl":{"start":{"line":9,"column":35},"end":{"line":9,"column":36}},"loc":{"start":{"line":9,"column":55},"end":{"line":22,"column":1}},"line":9},"1":{"name":"(anonymous_1)","decl":{"start":{"line":25,"column":34},"end":{"line":25,"column":35}},"loc":{"start":{"line":25,"column":54},"end":{"line":33,"column":1}},"line":25},"2":{"name":"(anonymous_2)","decl":{"start":{"line":36,"column":61},"end":{"line":36,"column":62}},"loc":{"start":{"line":36,"column":81},"end":{"line":46,"column":1}},"line":36}},"branchMap":{"0":{"loc":{"start":{"line":13,"column":8},"end":{"line":13,"column":101}},"type":"if","locations":[{"start":{"line":13,"column":8},"end":{"line":13,"column":101}},{"start":{},"end":{}}],"line":13},"1":{"loc":{"start":{"line":13,"column":12},"end":{"line":13,"column":28}},"type":"binary-expr","locations":[{"start":{"line":13,"column":12},"end":{"line":13,"column":18}},{"start":{"line":13,"column":22},"end":{"line":13,"column":28}}],"line":13},"2":{"loc":{"start":{"line":15,"column":8},"end":{"line":15,"column":83}},"type":"if","locations":[{"start":{"line":15,"column":8},"end":{"line":15,"column":83}},{"start":{},"end":{}}],"line":15},"3":{"loc":{"start":{"line":40,"column":8},"end":{"line":40,"column":95}},"type":"if","locations":[{"start":{"line":40,"column":8},"end":{"line":40,"column":95}},{"start":{},"end":{}}],"line":40}},"s":{"0":2,"1":2,"2":0,"3":0,"4":0,"5":0,"6":0,"7":0,"8":0,"9":0,"10":0,"11":0,"12":0,"13":0,"14":2,"15":0,"16":0,"17":0,"18":0,"19":0,"20":2,"21":0,"22":0,"23":0,"24":0,"25":0,"26":0,"27":0,"28":0},"f":{"0":0,"1":0,"2":0},"b":{"0":[0,0],"1":[0,0],"2":[0,0],"3":[0,0]},"_coverageSchema":"1a1c01bbd47fc00a2c39e90264f33305004495a9","hash":"241652ca536eaabb750de1c5fa32de07c5034f1d"}
,"C:\\Users\\carol\\FIAP\\fase3\\Backend\\src\\routes\\indexRoutes.js": {"path":"C:\\Users\\carol\\FIAP\\fase3\\Backend\\src\\routes\\indexRoutes.js","statementMap":{"0":{"start":{"line":7,"column":20},"end":{"line":11,"column":1}},"1":{"start":{"line":8,"column":2},"end":{"line":8,"column":33}},"2":{"start":{"line":9,"column":2},"end":{"line":9,"column":45}},"3":{"start":{"line":10,"column":2},"end":{"line":10,"column":39}}},"fnMap":{"0":{"name":"(anonymous_0)","decl":{"start":{"line":7,"column":20},"end":{"line":7,"column":21}},"loc":{"start":{"line":7,"column":29},"end":{"line":11,"column":1}},"line":7}},"branchMap":{},"s":{"0":2,"1":2,"2":2,"3":2},"f":{"0":2},"b":{},"_coverageSchema":"1a1c01bbd47fc00a2c39e90264f33305004495a9","hash":"147792cc757d8f804f21af5f30a59d4f75a01b4a"}
,"C:\\Users\\carol\\FIAP\\fase3\\Backend\\src\\routes\\postsRoutes.js": {"path":"C:\\Users\\carol\\FIAP\\fase3\\Backend\\src\\routes\\postsRoutes.js","statementMap":{"0":{"start":{"line":6,"column":20},"end":{"line":6,"column":36}},"1":{"start":{"line":89,"column":0},"end":{"line":89,"column":50}},"2":{"start":{"line":125,"column":0},"end":{"line":125,"column":56}},"3":{"start":{"line":160,"column":0},"end":{"line":160,"column":49}},"4":{"start":{"line":202,"column":0},"end":{"line":202,"column":98}},"5":{"start":{"line":254,"column":0},"end":{"line":254,"column":101}},"6":{"start":{"line":315,"column":0},"end":{"line":315,"column":74}}},"fnMap":{},"branchMap":{},"s":{"0":2,"1":2,"2":2,"3":2,"4":2,"5":2,"6":2},"f":{},"b":{},"_coverageSchema":"1a1c01bbd47fc00a2c39e90264f33305004495a9","hash":"73b95bcb5fcb60827e0ea5409d6bd149208a2cfd"}
,"C:\\Users\\carol\\FIAP\\fase3\\Backend\\src\\routes\\validacaoRoutes.js": {"path":"C:\\Users\\carol\\FIAP\\fase3\\Backend\\src\\routes\\validacaoRoutes.js","statementMap":{"0":{"start":{"line":4,"column":24},"end":{"line":4,"column":40}},"1":{"start":{"line":78,"column":0},"end":{"line":78,"column":72}},"2":{"start":{"line":124,"column":0},"end":{"line":124,"column":58}}},"fnMap":{},"branchMap":{},"s":{"0":2,"1":2,"2":2},"f":{},"b":{},"_coverageSchema":"1a1c01bbd47fc00a2c39e90264f33305004495a9","hash":"324a8897707f5466d479218a4d477c630fe03c32"}
}
