TN:
SF:swagger.js
FN:33,swaggerDocs
FNF:1
FNH:1
FNDA:2,swaggerDocs
DA:5,2
DA:31,2
DA:34,2
DA:35,2
LF:4
LH:4
BRF:0
BRH:0
end_of_record
TN:
SF:src\app.js
FN:17,(anonymous_0)
FNF:1
FNH:1
FNDA:1,(anonymous_0)
DA:8,2
DA:11,2
DA:14,2
DA:17,2
DA:20,2
DA:23,2
DA:26,2
DA:29,2
LF:8
LH:8
BRF:0
BRH:0
end_of_record
TN:
SF:src\config\dbConnect.js
FN:7,conectaNaDatabase
FN:39,disconnectTestDB
FNF:2
FNH:2
FNDA:1,conectaNaDatabase
FNDA:1,disconnectTestDB
DA:5,1
DA:8,1
DA:10,1
DA:13,1
DA:14,1
DA:17,1
DA:18,1
DA:20,0
DA:21,0
DA:24,1
DA:29,1
DA:30,1
DA:31,1
DA:33,0
DA:34,0
DA:35,0
DA:40,1
DA:41,1
DA:42,1
DA:43,1
DA:45,1
LF:21
LH:16
BRDA:8,0,0,0
BRDA:8,0,1,1
BRDA:13,1,0,1
BRDA:13,1,1,0
BRDA:21,2,0,0
BRDA:21,2,1,0
BRDA:34,3,0,0
BRDA:34,3,1,0
BRDA:40,4,0,1
BRDA:40,4,1,0
BRDA:45,5,0,1
BRDA:45,5,1,0
BRF:12
BRH:4
end_of_record
TN:
SF:src\controllers\postController.js
FN:8,formatarData
FN:16,formatarHora
FN:23,criarResumo
FN:29,parseNumeroPositivo
FN:36,foiAtualizado
FN:46,(anonymous_5)
FN:70,(anonymous_6)
FN:82,(anonymous_7)
FN:89,(anonymous_8)
FN:119,(anonymous_9)
FN:148,(anonymous_10)
FN:203,(anonymous_11)
FN:248,(anonymous_12)
FN:264,(anonymous_13)
FN:281,(anonymous_14)
FNF:15
FNH:14
FNDA:6,formatarData
FNDA:2,formatarHora
FNDA:3,criarResumo
FNDA:2,parseNumeroPositivo
FNDA:3,foiAtualizado
FNDA:1,(anonymous_5)
FNDA:1,(anonymous_6)
FNDA:1,(anonymous_7)
FNDA:0,(anonymous_8)
FNDA:2,(anonymous_9)
FNDA:1,(anonymous_10)
FNDA:2,(anonymous_11)
FNDA:2,(anonymous_12)
FNDA:2,(anonymous_13)
FNDA:1,(anonymous_14)
DA:5,2
DA:9,6
DA:10,6
DA:11,6
DA:12,6
DA:13,6
DA:17,2
DA:18,2
DA:19,2
DA:20,2
DA:24,3
DA:25,3
DA:26,0
DA:30,2
DA:31,2
DA:32,0
DA:33,0
DA:37,3
DA:38,3
DA:39,3
DA:40,3
DA:47,1
DA:49,1
DA:50,1
DA:51,1
DA:52,1
DA:55,1
DA:56,1
DA:57,0
DA:60,1
DA:61,1
DA:66,1
DA:70,1
DA:71,1
DA:72,1
DA:73,1
DA:83,1
DA:84,1
DA:85,1
DA:86,1
DA:90,0
DA:91,0
DA:92,0
DA:93,0
DA:102,1
DA:103,1
DA:106,0
DA:114,0
DA:120,2
DA:121,2
DA:122,2
DA:124,2
DA:126,1
DA:128,1
DA:130,1
DA:143,0
DA:149,1
DA:150,1
DA:152,1
DA:153,0
DA:157,1
DA:158,1
DA:161,1
DA:162,1
DA:164,0
DA:165,1
DA:167,0
DA:170,1
DA:179,1
DA:181,1
DA:198,0
DA:204,2
DA:205,2
DA:206,2
DA:208,2
DA:209,2
DA:211,1
DA:212,0
DA:215,1
DA:216,1
DA:217,1
DA:218,1
DA:219,1
DA:220,0
DA:221,1
DA:222,0
DA:225,1
DA:227,1
DA:243,0
DA:249,2
DA:250,2
DA:251,2
DA:252,2
DA:253,1
DA:256,1
DA:257,1
DA:259,0
DA:265,2
DA:266,2
DA:267,2
DA:269,1
DA:271,1
DA:281,1
DA:295,1
DA:297,0
LF:105
LH:84
BRDA:24,0,0,0
BRDA:24,0,1,3
BRDA:25,1,0,3
BRDA:25,1,1,0
BRDA:29,2,0,1
BRDA:31,3,0,2
BRDA:31,3,1,0
BRDA:31,4,0,2
BRDA:31,4,1,0
BRDA:32,5,0,0
BRDA:32,5,1,0
BRDA:37,6,0,0
BRDA:37,6,1,3
BRDA:37,7,0,3
BRDA:37,7,1,3
BRDA:49,8,0,1
BRDA:49,8,1,1
BRDA:56,9,0,0
BRDA:56,9,1,1
BRDA:66,10,0,0
BRDA:66,10,1,1
BRDA:79,11,0,1
BRDA:79,11,1,0
BRDA:81,12,0,1
BRDA:81,12,1,0
BRDA:82,13,0,1
BRDA:82,13,1,0
BRDA:88,14,0,0
BRDA:88,14,1,1
BRDA:89,15,0,0
BRDA:89,15,1,1
BRDA:102,16,0,1
BRDA:102,16,1,0
BRDA:124,17,0,1
BRDA:124,17,1,1
BRDA:136,18,0,1
BRDA:136,18,1,0
BRDA:139,19,0,0
BRDA:139,19,1,1
BRDA:152,20,0,0
BRDA:152,20,1,1
BRDA:152,21,0,1
BRDA:152,21,1,1
BRDA:152,21,2,1
BRDA:158,22,0,0
BRDA:158,22,1,1
BRDA:162,23,0,0
BRDA:162,23,1,1
BRDA:165,24,0,0
BRDA:165,24,1,1
BRDA:165,25,0,1
BRDA:165,25,1,0
BRDA:174,26,0,1
BRDA:174,26,1,1
BRDA:195,27,0,0
BRDA:195,27,1,1
BRDA:209,28,0,1
BRDA:209,28,1,1
BRDA:211,29,0,0
BRDA:211,29,1,1
BRDA:211,30,0,1
BRDA:211,30,1,0
BRDA:211,30,2,0
BRDA:211,30,3,0
BRDA:211,30,4,0
BRDA:211,30,5,0
BRDA:211,31,0,0
BRDA:211,31,1,0
BRDA:215,32,0,1
BRDA:215,32,1,0
BRDA:216,33,0,1
BRDA:216,33,1,0
BRDA:217,34,0,0
BRDA:217,34,1,1
BRDA:218,35,0,0
BRDA:218,35,1,1
BRDA:219,36,0,0
BRDA:219,36,1,1
BRDA:221,37,0,0
BRDA:221,37,1,1
BRDA:221,38,0,1
BRDA:221,38,1,0
BRDA:252,39,0,1
BRDA:252,39,1,1
BRDA:266,40,0,2
BRDA:266,40,1,1
BRDA:267,41,0,1
BRDA:267,41,1,1
BRF:88
BRH:50
end_of_record
TN:
SF:src\controllers\usuariosController.js
FN:5,(anonymous_0)
FN:70,(anonymous_1)
FN:76,(anonymous_2)
FN:97,(anonymous_3)
FN:114,(anonymous_4)
FN:135,(anonymous_5)
FN:172,(anonymous_6)
FNF:7
FNH:0
FNDA:0,(anonymous_0)
FNDA:0,(anonymous_1)
FNDA:0,(anonymous_2)
FNDA:0,(anonymous_3)
FNDA:0,(anonymous_4)
FNDA:0,(anonymous_5)
FNDA:0,(anonymous_6)
DA:6,0
DA:7,0
DA:9,0
DA:10,0
DA:13,0
DA:14,0
DA:15,0
DA:18,0
DA:19,0
DA:20,0
DA:22,0
DA:29,0
DA:42,0
DA:43,0
DA:45,0
DA:52,0
DA:63,0
DA:64,0
DA:66,0
DA:71,0
DA:72,0
DA:74,0
DA:76,0
DA:77,0
DA:78,0
DA:79,0
DA:80,0
DA:82,0
DA:83,0
DA:84,0
DA:86,0
DA:96,0
DA:97,0
DA:110,0
DA:115,0
DA:116,0
DA:117,0
DA:118,0
DA:119,0
DA:121,0
DA:131,0
DA:136,0
DA:137,0
DA:138,0
DA:140,0
DA:141,0
DA:142,0
DA:145,0
DA:146,0
DA:147,0
DA:148,0
DA:149,0
DA:150,0
DA:153,0
DA:155,0
DA:165,0
DA:166,0
DA:168,0
DA:173,0
DA:174,0
DA:175,0
DA:176,0
DA:177,0
DA:179,0
DA:181,0
LF:65
LH:0
BRDA:9,0,0,0
BRDA:9,0,1,0
BRDA:13,1,0,0
BRDA:13,1,1,0
BRDA:14,2,0,0
BRDA:14,2,1,0
BRDA:14,3,0,0
BRDA:14,3,1,0
BRDA:18,4,0,0
BRDA:18,4,1,0
BRDA:19,5,0,0
BRDA:19,5,1,0
BRDA:42,6,0,0
BRDA:42,6,1,0
BRDA:63,7,0,0
BRDA:63,7,1,0
BRDA:72,8,0,0
BRDA:72,9,0,0
BRDA:74,10,0,0
BRDA:74,10,1,0
BRDA:77,11,0,0
BRDA:77,11,1,0
BRDA:78,12,0,0
BRDA:78,12,1,0
BRDA:82,13,0,0
BRDA:82,13,1,0
BRDA:83,14,0,0
BRDA:83,14,1,0
BRDA:118,15,0,0
BRDA:118,15,1,0
BRDA:141,16,0,0
BRDA:141,16,1,0
BRDA:145,17,0,0
BRDA:145,17,1,0
BRDA:146,18,0,0
BRDA:146,18,1,0
BRDA:147,19,0,0
BRDA:147,19,1,0
BRDA:148,20,0,0
BRDA:148,20,1,0
BRDA:149,21,0,0
BRDA:149,21,1,0
BRDA:165,22,0,0
BRDA:165,22,1,0
BRDA:176,23,0,0
BRDA:176,23,1,0
BRF:46
BRH:0
end_of_record
TN:
SF:src\controllers\validacaoController.js
FN:4,normalizeText
FN:15,(anonymous_1)
FN:39,(anonymous_2)
FN:88,(anonymous_3)
FNF:4
FNH:4
FNDA:4,normalizeText
FNDA:3,(anonymous_1)
FNDA:6,(anonymous_2)
FNDA:5,(anonymous_3)
DA:5,4
DA:16,3
DA:17,3
DA:19,3
DA:20,1
DA:23,2
DA:24,2
DA:26,1
DA:32,1
DA:33,0
DA:35,1
DA:40,6
DA:41,6
DA:44,6
DA:46,5
DA:47,4
DA:50,3
DA:51,1
DA:52,1
DA:53,1
DA:54,1
DA:56,1
DA:68,2
DA:69,2
DA:72,1
DA:83,1
DA:89,5
DA:90,5
DA:92,5
DA:93,1
DA:96,4
DA:97,4
DA:99,3
DA:100,1
DA:103,2
DA:104,2
DA:105,1
DA:108,1
DA:118,1
LF:39
LH:38
BRDA:5,0,0,4
BRDA:5,0,1,0
BRDA:19,1,0,1
BRDA:19,1,1,2
BRDA:19,2,0,3
BRDA:19,2,1,3
BRDA:19,2,2,2
BRDA:19,2,3,2
BRDA:32,3,0,0
BRDA:32,3,1,1
BRDA:44,4,0,1
BRDA:44,4,1,5
BRDA:44,5,0,6
BRDA:44,5,1,5
BRDA:47,6,0,1
BRDA:47,6,1,3
BRDA:50,7,0,1
BRDA:50,7,1,2
BRDA:50,8,0,3
BRDA:50,8,1,2
BRDA:69,9,0,1
BRDA:69,9,1,1
BRDA:92,10,0,1
BRDA:92,10,1,4
BRDA:92,11,0,5
BRDA:92,11,1,4
BRDA:99,12,0,1
BRDA:99,12,1,2
BRDA:99,13,0,3
BRDA:99,13,1,2
BRDA:104,14,0,1
BRDA:104,14,1,1
BRF:32
BRH:30
end_of_record
TN:
SF:src\middleware\errorHandler.js
FN:1,errorHandler
FNF:1
FNH:0
FNDA:0,errorHandler
DA:2,0
DA:4,0
DA:5,0
DA:8,0
DA:9,0
DA:12,0
LF:6
LH:0
BRDA:4,0,0,0
BRDA:4,0,1,0
BRDA:8,1,0,0
BRDA:8,1,1,0
BRDA:12,2,0,0
BRDA:12,2,1,0
BRDA:13,3,0,0
BRDA:13,3,1,0
BRF:8
BRH:0
end_of_record
TN:
SF:src\middleware\notFound.js
FN:1,notFound
FNF:1
FNH:0
FNDA:0,notFound
DA:2,0
LF:1
LH:0
BRF:0
BRH:0
end_of_record
TN:
SF:src\middleware\uploadImagem.js
FNF:0
FNH:0
DA:4,2
DA:5,2
LF:2
LH:2
BRF:0
BRH:0
end_of_record
TN:
SF:src\middleware\validarProfessor.js
FN:5,validarProfessor
FNF:1
FNH:1
FNDA:6,validarProfessor
DA:6,6
DA:7,6
DA:8,6
DA:10,6
DA:11,0
DA:14,6
DA:15,6
DA:16,1
DA:19,5
DA:20,0
DA:23,5
DA:24,5
DA:25,0
DA:28,5
DA:29,0
DA:32,5
DA:38,5
DA:40,0
LF:18
LH:13
BRDA:7,0,0,6
BRDA:7,0,1,6
BRDA:7,0,2,6
BRDA:8,1,0,6
BRDA:8,1,1,6
BRDA:8,1,2,6
BRDA:10,2,0,0
BRDA:10,2,1,6
BRDA:10,3,0,6
BRDA:10,3,1,6
BRDA:15,4,0,1
BRDA:15,4,1,5
BRDA:19,5,0,0
BRDA:19,5,1,5
BRDA:19,6,0,5
BRDA:19,6,1,5
BRDA:24,7,0,0
BRDA:24,7,1,5
BRDA:28,8,0,0
BRDA:28,8,1,5
BRF:20
BRH:16
end_of_record
TN:
SF:src\models\Comentario.js
FNF:0
FNH:0
DA:3,2
DA:13,2
LF:2
LH:2
BRF:0
BRH:0
end_of_record
TN:
SF:src\models\Post.js
FN:31,(anonymous_0)
FNF:1
FNH:1
FNDA:2,(anonymous_0)
DA:3,2
DA:30,2
DA:32,2
DA:33,2
DA:37,2
LF:5
LH:5
BRDA:32,0,0,2
BRDA:32,0,1,0
BRDA:33,1,0,2
BRDA:33,1,1,0
BRF:4
BRH:2
end_of_record
TN:
SF:src\models\Usuario.js
FN:8,(anonymous_0)
FN:15,(anonymous_1)
FN:22,(anonymous_2)
FNF:3
FNH:3
FNDA:1,(anonymous_0)
FNDA:1,(anonymous_1)
FNDA:1,(anonymous_2)
DA:3,3
DA:9,1
DA:16,1
DA:23,1
DA:29,3
LF:5
LH:5
BRDA:23,0,0,1
BRDA:23,0,1,1
BRF:2
BRH:2
end_of_record
TN:
SF:src\routes\comentariosRoutes.js
FN:9,(anonymous_0)
FN:34,(anonymous_1)
FN:45,(anonymous_2)
FNF:3
FNH:0
FNDA:0,(anonymous_0)
FNDA:0,(anonymous_1)
FNDA:0,(anonymous_2)
DA:6,2
DA:9,2
DA:10,0
DA:11,0
DA:12,0
DA:14,0
DA:15,0
DA:17,0
DA:18,0
DA:22,0
DA:23,0
DA:24,0
DA:25,0
DA:26,0
DA:27,0
DA:29,0
DA:34,2
DA:35,0
DA:36,0
DA:37,0
DA:38,0
DA:40,0
DA:45,2
DA:46,0
DA:47,0
DA:48,0
DA:49,0
DA:50,0
DA:51,0
DA:53,0
LF:30
LH:4
BRDA:14,0,0,0
BRDA:14,0,1,0
BRDA:15,1,0,0
BRDA:15,1,1,0
BRDA:17,2,0,0
BRDA:17,2,1,0
BRDA:22,3,0,0
BRDA:22,3,1,0
BRDA:24,4,0,0
BRDA:24,4,1,0
BRDA:49,5,0,0
BRDA:49,5,1,0
BRF:12
BRH:0
end_of_record
TN:
SF:src\routes\indexRoutes.js
FN:8,(anonymous_0)
FNF:1
FNH:1
FNDA:2,(anonymous_0)
DA:8,2
DA:9,2
DA:10,2
DA:11,2
DA:12,2
LF:5
LH:5
BRF:0
BRH:0
end_of_record
TN:
SF:src\routes\postsRoutes.js
FNF:0
FNH:0
DA:6,2
DA:89,2
DA:125,2
DA:160,2
DA:202,2
DA:254,2
DA:315,2
LF:7
LH:7
BRF:0
BRH:0
end_of_record
TN:
SF:src\routes\usuariosRoutes.js
FNF:0
FNH:0
DA:5,2
DA:7,2
DA:8,2
DA:9,2
DA:10,2
DA:11,2
LF:6
LH:6
BRF:0
BRH:0
end_of_record
TN:
SF:src\routes\validacaoRoutes.js
FNF:0
FNH:0
DA:4,2
DA:78,2
DA:124,2
DA:154,2
LF:4
LH:4
BRF:0
BRH:0
end_of_record
