TN:
SF:swagger.js
FN:33,swaggerDocs
FNF:1
FNH:1
FNDA:2,swaggerDocs
DA:5,2
DA:31,2
DA:34,2
DA:35,2
LF:4
LH:4
BRF:0
BRH:0
end_of_record
TN:
SF:src\app.js
FN:17,(anonymous_0)
FNF:1
FNH:1
FNDA:1,(anonymous_0)
DA:8,2
DA:11,2
DA:14,2
DA:17,2
DA:20,2
DA:23,2
DA:26,2
DA:29,2
LF:8
LH:8
BRF:0
BRH:0
end_of_record
TN:
SF:src\config\dbConnect.js
FN:7,conectaNaDatabase
FN:39,disconnectTestDB
FNF:2
FNH:2
FNDA:1,conectaNaDatabase
FNDA:1,disconnectTestDB
DA:5,1
DA:8,1
DA:10,1
DA:13,1
DA:14,1
DA:17,1
DA:18,1
DA:20,0
DA:21,0
DA:24,1
DA:29,1
DA:30,1
DA:31,1
DA:33,0
DA:34,0
DA:35,0
DA:40,1
DA:41,1
DA:42,1
DA:43,1
DA:45,1
LF:21
LH:16
BRDA:8,0,0,0
BRDA:8,0,1,1
BRDA:13,1,0,1
BRDA:13,1,1,0
BRDA:21,2,0,0
BRDA:21,2,1,0
BRDA:34,3,0,0
BRDA:34,3,1,0
BRDA:40,4,0,1
BRDA:40,4,1,0
BRDA:45,5,0,1
BRDA:45,5,1,0
BRF:12
BRH:4
end_of_record
TN:
SF:src\controllers\postController.js
FN:8,formatarData
FN:16,criarResumo
FN:22,parseNumeroPositivo
FN:29,foiAtualizado
FN:39,(anonymous_4)
FN:61,(anonymous_5)
FN:73,(anonymous_6)
FN:80,(anonymous_7)
FN:103,(anonymous_8)
FN:127,(anonymous_9)
FN:174,(anonymous_10)
FN:210,(anonymous_11)
FN:226,(anonymous_12)
FN:241,(anonymous_13)
FNF:14
FNH:10
FNDA:2,formatarData
FNDA:2,criarResumo
FNDA:2,parseNumeroPositivo
FNDA:2,foiAtualizado
FNDA:1,(anonymous_4)
FNDA:1,(anonymous_5)
FNDA:1,(anonymous_6)
FNDA:0,(anonymous_7)
FNDA:2,(anonymous_8)
FNDA:0,(anonymous_9)
FNDA:0,(anonymous_10)
FNDA:0,(anonymous_11)
FNDA:2,(anonymous_12)
FNDA:1,(anonymous_13)
DA:5,2
DA:9,2
DA:10,2
DA:11,2
DA:12,2
DA:13,2
DA:17,2
DA:18,2
DA:19,0
DA:23,2
DA:24,2
DA:25,0
DA:26,0
DA:30,2
DA:31,2
DA:32,2
DA:33,2
DA:40,1
DA:42,1
DA:43,1
DA:44,1
DA:47,1
DA:48,1
DA:49,0
DA:52,1
DA:53,1
DA:61,1
DA:62,1
DA:63,1
DA:64,1
DA:74,1
DA:75,1
DA:76,1
DA:77,1
DA:81,0
DA:82,0
DA:83,0
DA:84,0
DA:90,1
DA:98,0
DA:104,2
DA:105,2
DA:106,2
DA:108,2
DA:110,1
DA:112,1
DA:122,0
DA:128,0
DA:129,0
DA:131,0
DA:132,0
DA:136,0
DA:137,0
DA:140,0
DA:141,0
DA:143,0
DA:146,0
DA:155,0
DA:157,0
DA:169,0
DA:175,0
DA:176,0
DA:177,0
DA:179,0
DA:180,0
DA:182,0
DA:183,0
DA:186,0
DA:187,0
DA:188,0
DA:189,0
DA:190,0
DA:191,0
DA:194,0
DA:196,0
DA:205,0
DA:211,0
DA:212,0
DA:213,0
DA:214,0
DA:215,0
DA:218,0
DA:219,0
DA:221,0
DA:227,2
DA:228,2
DA:229,2
DA:231,1
DA:233,1
DA:241,1
DA:249,1
DA:251,0
LF:92
LH:44
BRDA:17,0,0,0
BRDA:17,0,1,2
BRDA:18,1,0,2
BRDA:18,1,1,0
BRDA:22,2,0,1
BRDA:24,3,0,2
BRDA:24,3,1,0
BRDA:24,4,0,2
BRDA:24,4,1,0
BRDA:25,5,0,0
BRDA:25,5,1,0
BRDA:30,6,0,0
BRDA:30,6,1,2
BRDA:30,7,0,2
BRDA:30,7,1,2
BRDA:48,8,0,0
BRDA:48,8,1,1
BRDA:70,9,0,1
BRDA:70,9,1,0
BRDA:72,10,0,1
BRDA:72,10,1,0
BRDA:73,11,0,1
BRDA:73,11,1,0
BRDA:79,12,0,0
BRDA:79,12,1,1
BRDA:80,13,0,0
BRDA:80,13,1,1
BRDA:108,14,0,1
BRDA:108,14,1,1
BRDA:117,15,0,1
BRDA:117,15,1,0
BRDA:119,16,0,0
BRDA:119,16,1,1
BRDA:131,17,0,0
BRDA:131,17,1,0
BRDA:131,18,0,0
BRDA:131,18,1,0
BRDA:131,18,2,0
BRDA:137,19,0,0
BRDA:137,19,1,0
BRDA:141,20,0,0
BRDA:141,20,1,0
BRDA:150,21,0,0
BRDA:150,21,1,0
BRDA:166,22,0,0
BRDA:166,22,1,0
BRDA:180,23,0,0
BRDA:180,23,1,0
BRDA:182,24,0,0
BRDA:182,24,1,0
BRDA:182,25,0,0
BRDA:182,25,1,0
BRDA:182,25,2,0
BRDA:182,25,3,0
BRDA:182,25,4,0
BRDA:186,26,0,0
BRDA:186,26,1,0
BRDA:187,27,0,0
BRDA:187,27,1,0
BRDA:188,28,0,0
BRDA:188,28,1,0
BRDA:189,29,0,0
BRDA:189,29,1,0
BRDA:190,30,0,0
BRDA:190,30,1,0
BRDA:214,31,0,0
BRDA:214,31,1,0
BRDA:229,32,0,1
BRDA:229,32,1,1
BRF:69
BRH:20
end_of_record
TN:
SF:src\controllers\validacaoController.js
FN:10,(anonymous_0)
FN:44,(anonymous_1)
FNF:2
FNH:2
FNDA:2,(anonymous_0)
FNDA:5,(anonymous_1)
DA:5,3
DA:6,3
DA:11,2
DA:12,2
DA:13,2
DA:14,1
DA:16,1
DA:17,0
DA:19,1
DA:20,1
DA:23,0
DA:24,0
DA:26,0
DA:37,0
DA:38,0
DA:40,0
DA:45,5
DA:46,5
DA:49,5
DA:51,4
DA:52,3
DA:54,2
DA:55,2
DA:57,1
DA:58,1
DA:59,1
DA:63,0
DA:75,0
DA:86,1
LF:29
LH:20
BRDA:13,0,0,1
BRDA:13,0,1,1
BRDA:13,1,0,2
BRDA:13,1,1,2
BRDA:13,1,2,1
BRDA:16,2,0,0
BRDA:16,2,1,1
BRDA:19,3,0,1
BRDA:19,3,1,0
BRDA:37,4,0,0
BRDA:37,4,1,0
BRDA:49,5,0,1
BRDA:49,5,1,4
BRDA:49,6,0,5
BRDA:49,6,1,4
BRDA:52,7,0,1
BRDA:52,7,1,2
BRDA:55,8,0,1
BRDA:55,8,1,1
BRDA:58,9,0,1
BRDA:58,9,1,0
BRF:21
BRH:16
end_of_record
TN:
SF:src\middleware\errorHandler.js
FN:1,errorHandler
FNF:1
FNH:0
FNDA:0,errorHandler
DA:2,0
DA:4,0
DA:5,0
DA:8,0
DA:9,0
DA:12,0
LF:6
LH:0
BRDA:4,0,0,0
BRDA:4,0,1,0
BRDA:8,1,0,0
BRDA:8,1,1,0
BRDA:12,2,0,0
BRDA:12,2,1,0
BRDA:13,3,0,0
BRDA:13,3,1,0
BRF:8
BRH:0
end_of_record
TN:
SF:src\middleware\notFound.js
FN:1,notFound
FNF:1
FNH:0
FNDA:0,notFound
DA:2,0
LF:1
LH:0
BRF:0
BRH:0
end_of_record
TN:
SF:src\middleware\uploadImagem.js
FNF:0
FNH:0
DA:4,2
DA:5,2
LF:2
LH:2
BRF:0
BRH:0
end_of_record
TN:
SF:src\middleware\validarProfessor.js
FN:6,validarProfessor
FNF:1
FNH:1
FNDA:7,validarProfessor
DA:7,7
DA:8,7
DA:9,7
DA:10,7
DA:12,0
DA:14,0
DA:15,0
DA:17,0
DA:20,0
DA:21,0
DA:24,0
DA:25,0
DA:27,0
LF:13
LH:4
BRDA:9,0,0,7
BRDA:9,0,1,0
BRDA:9,1,0,7
BRDA:9,1,1,0
BRDA:15,2,0,0
BRDA:15,2,1,0
BRDA:20,3,0,0
BRDA:20,3,1,0
BRF:8
BRH:2
end_of_record
TN:
SF:src\models\Comentario.js
FNF:0
FNH:0
DA:3,2
DA:13,2
LF:2
LH:2
BRF:0
BRH:0
end_of_record
TN:
SF:src\models\Post.js
FN:31,(anonymous_0)
FNF:1
FNH:1
FNDA:1,(anonymous_0)
DA:3,2
DA:30,2
DA:32,1
DA:33,1
DA:37,2
LF:5
LH:5
BRDA:32,0,0,1
BRDA:32,0,1,0
BRDA:33,1,0,1
BRDA:33,1,1,0
BRF:4
BRH:2
end_of_record
TN:
SF:src\models\Usuario.js
FNF:0
FNH:0
DA:3,3
DA:10,3
LF:2
LH:2
BRF:0
BRH:0
end_of_record
TN:
SF:src\routes\comentariosRoutes.js
FN:9,(anonymous_0)
FN:25,(anonymous_1)
FN:36,(anonymous_2)
FNF:3
FNH:0
FNDA:0,(anonymous_0)
FNDA:0,(anonymous_1)
FNDA:0,(anonymous_2)
DA:6,2
DA:9,2
DA:10,0
DA:11,0
DA:12,0
DA:13,0
DA:14,0
DA:15,0
DA:16,0
DA:17,0
DA:18,0
DA:20,0
DA:25,2
DA:26,0
DA:27,0
DA:28,0
DA:29,0
DA:31,0
DA:36,2
DA:37,0
DA:38,0
DA:39,0
DA:40,0
DA:41,0
DA:42,0
DA:44,0
LF:26
LH:4
BRDA:13,0,0,0
BRDA:13,0,1,0
BRDA:13,1,0,0
BRDA:13,1,1,0
BRDA:15,2,0,0
BRDA:15,2,1,0
BRDA:40,3,0,0
BRDA:40,3,1,0
BRF:8
BRH:0
end_of_record
TN:
SF:src\routes\indexRoutes.js
FN:7,(anonymous_0)
FNF:1
FNH:1
FNDA:2,(anonymous_0)
DA:7,2
DA:8,2
DA:9,2
DA:10,2
LF:4
LH:4
BRF:0
BRH:0
end_of_record
TN:
SF:src\routes\postsRoutes.js
FNF:0
FNH:0
DA:6,2
DA:89,2
DA:125,2
DA:160,2
DA:202,2
DA:254,2
DA:315,2
LF:7
LH:7
BRF:0
BRH:0
end_of_record
TN:
SF:src\routes\validacaoRoutes.js
FNF:0
FNH:0
DA:4,2
DA:78,2
DA:124,2
LF:3
LH:3
BRF:0
BRH:0
end_of_record
